
 /----------------------------------------------------------------------------\
 |  yosys -- Yosys Open SYnthesis Suite                                       |
 |  Copyright (C) 2012 - 2026  Claire Xenia Wolf <claire@yosyshq.com>         |
 |  Distributed under an ISC-like license, type "license" to see terms        |
 \----------------------------------------------------------------------------/
 Yosys 0.63+87 (git sha1 2f1cdc2df, clang++ 18.1.8 -fPIC -O3)

-- Running command `read_verilog group8/rtl/v2_8x8_multiplier.v group8/rtl/loa_adder.v group8/rtl/approx_mul16_loa.v group8/rtl/approx_mul16_loa_k4.v group8/rtl/approx_mul16_loa_k6.v group8/rtl/picorv32_pcpi_mul16_approx.v; chparam -set LOA_K 6 -set M0_APPROX 0 -set M1_APPROX 0 -set M2_APPROX 0 -set M3_APPROX 2 approx_mul16_loa; hierarchy -top approx_mul16_loa; proc; opt; techmap; opt; stat; write_verilog -noattr build/synth/approx_mul16_loa_k6_0_0_0_2_netlist.v' --

1. Executing Verilog-2005 frontend: group8/rtl/v2_8x8_multiplier.v
Parsing Verilog input from `group8/rtl/v2_8x8_multiplier.v' to AST representation.
Generating RTLIL representation for module `\v2_8x8_multiplier'.
Successfully finished Verilog frontend.

2. Executing Verilog-2005 frontend: group8/rtl/loa_adder.v
Parsing Verilog input from `group8/rtl/loa_adder.v' to AST representation.
Generating RTLIL representation for module `\loa_adder'.
Successfully finished Verilog frontend.

3. Executing Verilog-2005 frontend: group8/rtl/approx_mul16_loa.v
Parsing Verilog input from `group8/rtl/approx_mul16_loa.v' to AST representation.
Generating RTLIL representation for module `\approx_mul16_loa'.
Successfully finished Verilog frontend.

4. Executing Verilog-2005 frontend: group8/rtl/approx_mul16_loa_k4.v
Parsing Verilog input from `group8/rtl/approx_mul16_loa_k4.v' to AST representation.
Generating RTLIL representation for module `\approx_mul16_loa_k4'.
Successfully finished Verilog frontend.

5. Executing Verilog-2005 frontend: group8/rtl/approx_mul16_loa_k6.v
Parsing Verilog input from `group8/rtl/approx_mul16_loa_k6.v' to AST representation.
Generating RTLIL representation for module `\approx_mul16_loa_k6'.
Successfully finished Verilog frontend.

6. Executing Verilog-2005 frontend: group8/rtl/picorv32_pcpi_mul16_approx.v
Parsing Verilog input from `group8/rtl/picorv32_pcpi_mul16_approx.v' to AST representation.
Generating RTLIL representation for module `\picorv32_pcpi_mul16_approx'.
Successfully finished Verilog frontend.
Parameter \LOA_K = 6
Parameter \M0_APPROX = 0
Parameter \M1_APPROX = 0
Parameter \M2_APPROX = 0
Parameter \M3_APPROX = 2

7. Executing AST frontend in derive mode using pre-parsed AST for module `\approx_mul16_loa'.
Parameter \LOA_K = 6
Parameter \M0_APPROX = 0
Parameter \M1_APPROX = 0
Parameter \M2_APPROX = 0
Parameter \M3_APPROX = 2
Generating RTLIL representation for module `$paramod$50ddcb54bf303e6adb781710b63115e3284c6fa5\approx_mul16_loa'.

8. Executing HIERARCHY pass (managing design hierarchy).

8.1. Analyzing design hierarchy..
Top module:  \approx_mul16_loa
Used module:     \v2_8x8_multiplier
Used module:     \loa_adder
Parameter \APPROX_GROUP_B = 0
Parameter \APPROX_GROUP_A = 0

8.2. Executing AST frontend in derive mode using pre-parsed AST for module `\v2_8x8_multiplier'.
Parameter \APPROX_GROUP_B = 0
Parameter \APPROX_GROUP_A = 0
Generating RTLIL representation for module `$paramod$51d1b5914b9b6868fba44e77a976eb4fb3bcea31\v2_8x8_multiplier'.
Parameter \APPROX_GROUP_B = 0
Parameter \APPROX_GROUP_A = 0
Found cached RTLIL representation for module `$paramod$51d1b5914b9b6868fba44e77a976eb4fb3bcea31\v2_8x8_multiplier'.
Parameter \APPROX_GROUP_B = 0
Parameter \APPROX_GROUP_A = 0
Found cached RTLIL representation for module `$paramod$51d1b5914b9b6868fba44e77a976eb4fb3bcea31\v2_8x8_multiplier'.
Parameter \APPROX_GROUP_B = 2
Parameter \APPROX_GROUP_A = 2

8.3. Executing AST frontend in derive mode using pre-parsed AST for module `\v2_8x8_multiplier'.
Parameter \APPROX_GROUP_B = 2
Parameter \APPROX_GROUP_A = 2
Generating RTLIL representation for module `$paramod$176b58ae0dd721bc824ef8652ec0703003795958\v2_8x8_multiplier'.
Parameter \WIDTH = 24
Parameter \K = 6

8.4. Executing AST frontend in derive mode using pre-parsed AST for module `\loa_adder'.
Parameter \WIDTH = 24
Parameter \K = 6
Generating RTLIL representation for module `$paramod$8472ecd29d7a2e728516e8bed214b74032836e82\loa_adder'.
Parameter \WIDTH = 24
Parameter \K = 6
Found cached RTLIL representation for module `$paramod$8472ecd29d7a2e728516e8bed214b74032836e82\loa_adder'.
Parameter \WIDTH = 24
Parameter \K = 6
Found cached RTLIL representation for module `$paramod$8472ecd29d7a2e728516e8bed214b74032836e82\loa_adder'.

8.5. Analyzing design hierarchy..
Top module:  \approx_mul16_loa
Used module:     $paramod$51d1b5914b9b6868fba44e77a976eb4fb3bcea31\v2_8x8_multiplier
Used module:     $paramod$176b58ae0dd721bc824ef8652ec0703003795958\v2_8x8_multiplier
Used module:     $paramod$8472ecd29d7a2e728516e8bed214b74032836e82\loa_adder

8.6. Analyzing design hierarchy..
Top module:  \approx_mul16_loa
Used module:     $paramod$51d1b5914b9b6868fba44e77a976eb4fb3bcea31\v2_8x8_multiplier
Used module:     $paramod$176b58ae0dd721bc824ef8652ec0703003795958\v2_8x8_multiplier
Used module:     $paramod$8472ecd29d7a2e728516e8bed214b74032836e82\loa_adder
Removing unused module `\picorv32_pcpi_mul16_approx'.
Removing unused module `\approx_mul16_loa_k6'.
Removing unused module `\approx_mul16_loa_k4'.
Removing unused module `\loa_adder'.
Removing unused module `\v2_8x8_multiplier'.
Removed 5 unused modules.

9. Executing PROC pass (convert processes to netlists).

9.1. Executing PROC_CLEAN pass (remove empty switches from decision trees).
Found and cleaned up 1 empty switch in `$paramod$51d1b5914b9b6868fba44e77a976eb4fb3bcea31\v2_8x8_multiplier.$proc$group8/rtl/v2_8x8_multiplier.v:70$73'.
Found and cleaned up 1 empty switch in `$paramod$51d1b5914b9b6868fba44e77a976eb4fb3bcea31\v2_8x8_multiplier.$proc$group8/rtl/v2_8x8_multiplier.v:69$66'.
Found and cleaned up 1 empty switch in `$paramod$8472ecd29d7a2e728516e8bed214b74032836e82\loa_adder.$proc$group8/rtl/loa_adder.v:12$117'.
Removing empty process `$paramod$8472ecd29d7a2e728516e8bed214b74032836e82\loa_adder.$proc$group8/rtl/loa_adder.v:12$117'.
Found and cleaned up 1 empty switch in `$paramod$176b58ae0dd721bc824ef8652ec0703003795958\v2_8x8_multiplier.$proc$group8/rtl/v2_8x8_multiplier.v:70$106'.
Found and cleaned up 1 empty switch in `$paramod$176b58ae0dd721bc824ef8652ec0703003795958\v2_8x8_multiplier.$proc$group8/rtl/v2_8x8_multiplier.v:69$99'.
Cleaned up 5 empty switches.

9.2. Executing PROC_RMDEAD pass (remove dead branches from decision trees).
Removed a total of 0 dead cases.

9.3. Executing PROC_PRUNE pass (remove redundant assignments in processes).
Removed 0 redundant assignments.
Promoted 20 assignments to connections.

9.4. Executing PROC_INIT pass (extract init attributes).

9.5. Executing PROC_ARST pass (detect async resets in processes).

9.6. Executing PROC_ROM pass (convert switches to ROMs).
Converted 0 switches.

9.7. Executing PROC_MUX pass (convert decision trees to multiplexers).
Creating decoders for process `$paramod$51d1b5914b9b6868fba44e77a976eb4fb3bcea31\v2_8x8_multiplier.$proc$group8/rtl/v2_8x8_multiplier.v:70$73'.
Creating decoders for process `$paramod$51d1b5914b9b6868fba44e77a976eb4fb3bcea31\v2_8x8_multiplier.$proc$group8/rtl/v2_8x8_multiplier.v:69$66'.
Creating decoders for process `$paramod$176b58ae0dd721bc824ef8652ec0703003795958\v2_8x8_multiplier.$proc$group8/rtl/v2_8x8_multiplier.v:70$106'.
Creating decoders for process `$paramod$176b58ae0dd721bc824ef8652ec0703003795958\v2_8x8_multiplier.$proc$group8/rtl/v2_8x8_multiplier.v:69$99'.

9.8. Executing PROC_DLATCH pass (convert process syncs to latches).
No latch inferred for signal `$paramod$51d1b5914b9b6868fba44e77a976eb4fb3bcea31\v2_8x8_multiplier.\apply_group_approx$func$group8/rtl/v2_8x8_multiplier.v:70$48.$result' from process `$paramod$51d1b5914b9b6868fba44e77a976eb4fb3bcea31\v2_8x8_multiplier.$proc$group8/rtl/v2_8x8_multiplier.v:70$73'.
No latch inferred for signal `$paramod$51d1b5914b9b6868fba44e77a976eb4fb3bcea31\v2_8x8_multiplier.\apply_group_approx$func$group8/rtl/v2_8x8_multiplier.v:70$50.$result' from process `$paramod$51d1b5914b9b6868fba44e77a976eb4fb3bcea31\v2_8x8_multiplier.$proc$group8/rtl/v2_8x8_multiplier.v:70$73'.
No latch inferred for signal `$paramod$51d1b5914b9b6868fba44e77a976eb4fb3bcea31\v2_8x8_multiplier.\apply_group_approx$func$group8/rtl/v2_8x8_multiplier.v:70$50.value' from process `$paramod$51d1b5914b9b6868fba44e77a976eb4fb3bcea31\v2_8x8_multiplier.$proc$group8/rtl/v2_8x8_multiplier.v:70$73'.
No latch inferred for signal `$paramod$51d1b5914b9b6868fba44e77a976eb4fb3bcea31\v2_8x8_multiplier.\apply_group_approx$func$group8/rtl/v2_8x8_multiplier.v:70$50.mask' from process `$paramod$51d1b5914b9b6868fba44e77a976eb4fb3bcea31\v2_8x8_multiplier.$proc$group8/rtl/v2_8x8_multiplier.v:70$73'.
No latch inferred for signal `$paramod$51d1b5914b9b6868fba44e77a976eb4fb3bcea31\v2_8x8_multiplier.\apply_group_approx$func$group8/rtl/v2_8x8_multiplier.v:69$47.$result' from process `$paramod$51d1b5914b9b6868fba44e77a976eb4fb3bcea31\v2_8x8_multiplier.$proc$group8/rtl/v2_8x8_multiplier.v:69$66'.
No latch inferred for signal `$paramod$51d1b5914b9b6868fba44e77a976eb4fb3bcea31\v2_8x8_multiplier.\apply_group_approx$func$group8/rtl/v2_8x8_multiplier.v:69$49.$result' from process `$paramod$51d1b5914b9b6868fba44e77a976eb4fb3bcea31\v2_8x8_multiplier.$proc$group8/rtl/v2_8x8_multiplier.v:69$66'.
No latch inferred for signal `$paramod$51d1b5914b9b6868fba44e77a976eb4fb3bcea31\v2_8x8_multiplier.\apply_group_approx$func$group8/rtl/v2_8x8_multiplier.v:69$49.value' from process `$paramod$51d1b5914b9b6868fba44e77a976eb4fb3bcea31\v2_8x8_multiplier.$proc$group8/rtl/v2_8x8_multiplier.v:69$66'.
No latch inferred for signal `$paramod$51d1b5914b9b6868fba44e77a976eb4fb3bcea31\v2_8x8_multiplier.\apply_group_approx$func$group8/rtl/v2_8x8_multiplier.v:69$49.mask' from process `$paramod$51d1b5914b9b6868fba44e77a976eb4fb3bcea31\v2_8x8_multiplier.$proc$group8/rtl/v2_8x8_multiplier.v:69$66'.
No latch inferred for signal `$paramod$176b58ae0dd721bc824ef8652ec0703003795958\v2_8x8_multiplier.\apply_group_approx$func$group8/rtl/v2_8x8_multiplier.v:70$81.$result' from process `$paramod$176b58ae0dd721bc824ef8652ec0703003795958\v2_8x8_multiplier.$proc$group8/rtl/v2_8x8_multiplier.v:70$106'.
No latch inferred for signal `$paramod$176b58ae0dd721bc824ef8652ec0703003795958\v2_8x8_multiplier.\apply_group_approx$func$group8/rtl/v2_8x8_multiplier.v:70$83.$result' from process `$paramod$176b58ae0dd721bc824ef8652ec0703003795958\v2_8x8_multiplier.$proc$group8/rtl/v2_8x8_multiplier.v:70$106'.
No latch inferred for signal `$paramod$176b58ae0dd721bc824ef8652ec0703003795958\v2_8x8_multiplier.\apply_group_approx$func$group8/rtl/v2_8x8_multiplier.v:70$83.value' from process `$paramod$176b58ae0dd721bc824ef8652ec0703003795958\v2_8x8_multiplier.$proc$group8/rtl/v2_8x8_multiplier.v:70$106'.
No latch inferred for signal `$paramod$176b58ae0dd721bc824ef8652ec0703003795958\v2_8x8_multiplier.\apply_group_approx$func$group8/rtl/v2_8x8_multiplier.v:70$83.mask' from process `$paramod$176b58ae0dd721bc824ef8652ec0703003795958\v2_8x8_multiplier.$proc$group8/rtl/v2_8x8_multiplier.v:70$106'.
No latch inferred for signal `$paramod$176b58ae0dd721bc824ef8652ec0703003795958\v2_8x8_multiplier.\apply_group_approx$func$group8/rtl/v2_8x8_multiplier.v:69$80.$result' from process `$paramod$176b58ae0dd721bc824ef8652ec0703003795958\v2_8x8_multiplier.$proc$group8/rtl/v2_8x8_multiplier.v:69$99'.
No latch inferred for signal `$paramod$176b58ae0dd721bc824ef8652ec0703003795958\v2_8x8_multiplier.\apply_group_approx$func$group8/rtl/v2_8x8_multiplier.v:69$82.$result' from process `$paramod$176b58ae0dd721bc824ef8652ec0703003795958\v2_8x8_multiplier.$proc$group8/rtl/v2_8x8_multiplier.v:69$99'.
No latch inferred for signal `$paramod$176b58ae0dd721bc824ef8652ec0703003795958\v2_8x8_multiplier.\apply_group_approx$func$group8/rtl/v2_8x8_multiplier.v:69$82.value' from process `$paramod$176b58ae0dd721bc824ef8652ec0703003795958\v2_8x8_multiplier.$proc$group8/rtl/v2_8x8_multiplier.v:69$99'.
No latch inferred for signal `$paramod$176b58ae0dd721bc824ef8652ec0703003795958\v2_8x8_multiplier.\apply_group_approx$func$group8/rtl/v2_8x8_multiplier.v:69$82.mask' from process `$paramod$176b58ae0dd721bc824ef8652ec0703003795958\v2_8x8_multiplier.$proc$group8/rtl/v2_8x8_multiplier.v:69$99'.

9.9. Executing PROC_DFF pass (convert process syncs to FFs).

9.10. Executing PROC_MEMWR pass (convert process memory writes to cells).

9.11. Executing PROC_CLEAN pass (remove empty switches from decision trees).
Removing empty process `$paramod$51d1b5914b9b6868fba44e77a976eb4fb3bcea31\v2_8x8_multiplier.$proc$group8/rtl/v2_8x8_multiplier.v:70$73'.
Removing empty process `$paramod$51d1b5914b9b6868fba44e77a976eb4fb3bcea31\v2_8x8_multiplier.$proc$group8/rtl/v2_8x8_multiplier.v:69$66'.
Removing empty process `$paramod$176b58ae0dd721bc824ef8652ec0703003795958\v2_8x8_multiplier.$proc$group8/rtl/v2_8x8_multiplier.v:70$106'.
Removing empty process `$paramod$176b58ae0dd721bc824ef8652ec0703003795958\v2_8x8_multiplier.$proc$group8/rtl/v2_8x8_multiplier.v:69$99'.
Cleaned up 0 empty switches.

9.12. Executing OPT_EXPR pass (perform const folding).
Optimizing module $paramod$51d1b5914b9b6868fba44e77a976eb4fb3bcea31\v2_8x8_multiplier.
<suppressed ~2 debug messages>
Optimizing module approx_mul16_loa.
Optimizing module $paramod$8472ecd29d7a2e728516e8bed214b74032836e82\loa_adder.
Optimizing module $paramod$176b58ae0dd721bc824ef8652ec0703003795958\v2_8x8_multiplier.
<suppressed ~2 debug messages>

10. Executing OPT pass (performing simple optimizations).

10.1. Executing OPT_EXPR pass (perform const folding).
Optimizing module $paramod$51d1b5914b9b6868fba44e77a976eb4fb3bcea31\v2_8x8_multiplier.
Optimizing module approx_mul16_loa.
Optimizing module $paramod$8472ecd29d7a2e728516e8bed214b74032836e82\loa_adder.
Optimizing module $paramod$176b58ae0dd721bc824ef8652ec0703003795958\v2_8x8_multiplier.

10.2. Executing OPT_MERGE pass (detect identical cells).
Finding identical cells in module `$paramod$51d1b5914b9b6868fba44e77a976eb4fb3bcea31\v2_8x8_multiplier'.
Computing hashes of 15 cells of `$paramod$51d1b5914b9b6868fba44e77a976eb4fb3bcea31\v2_8x8_multiplier'.
Finding duplicate cells in `$paramod$51d1b5914b9b6868fba44e77a976eb4fb3bcea31\v2_8x8_multiplier'.
Finding identical cells in module `\approx_mul16_loa'.
Computing hashes of 7 cells of `\approx_mul16_loa'.
Finding duplicate cells in `\approx_mul16_loa'.
Finding identical cells in module `$paramod$8472ecd29d7a2e728516e8bed214b74032836e82\loa_adder'.
Computing hashes of 4 cells of `$paramod$8472ecd29d7a2e728516e8bed214b74032836e82\loa_adder'.
Finding duplicate cells in `$paramod$8472ecd29d7a2e728516e8bed214b74032836e82\loa_adder'.
Finding identical cells in module `$paramod$176b58ae0dd721bc824ef8652ec0703003795958\v2_8x8_multiplier'.
Computing hashes of 15 cells of `$paramod$176b58ae0dd721bc824ef8652ec0703003795958\v2_8x8_multiplier'.
Finding duplicate cells in `$paramod$176b58ae0dd721bc824ef8652ec0703003795958\v2_8x8_multiplier'.
Removed a total of 0 cells.

10.3. Executing OPT_MUXTREE pass (detect dead branches in mux trees).
Running muxtree optimizer on module $paramod$51d1b5914b9b6868fba44e77a976eb4fb3bcea31\v2_8x8_multiplier..
  Creating internal representation of mux trees.
  Evaluating internal representation of mux trees.
  Analyzing evaluation results.
Running muxtree optimizer on module \approx_mul16_loa..
  Creating internal representation of mux trees.
  No muxes found in this module.
Running muxtree optimizer on module $paramod$8472ecd29d7a2e728516e8bed214b74032836e82\loa_adder..
  Creating internal representation of mux trees.
  No muxes found in this module.
Running muxtree optimizer on module $paramod$176b58ae0dd721bc824ef8652ec0703003795958\v2_8x8_multiplier..
  Creating internal representation of mux trees.
  Evaluating internal representation of mux trees.
  Analyzing evaluation results.
Removed 0 multiplexer ports.
<suppressed ~32 debug messages>

10.4. Executing OPT_REDUCE pass (consolidate $*mux and $reduce_* inputs).
  Optimizing cells in module $paramod$51d1b5914b9b6868fba44e77a976eb4fb3bcea31\v2_8x8_multiplier.
  Optimizing cells in module \approx_mul16_loa.
  Optimizing cells in module $paramod$8472ecd29d7a2e728516e8bed214b74032836e82\loa_adder.
  Optimizing cells in module $paramod$176b58ae0dd721bc824ef8652ec0703003795958\v2_8x8_multiplier.
Performed a total of 0 changes.

10.5. Executing OPT_MERGE pass (detect identical cells).
Finding identical cells in module `$paramod$51d1b5914b9b6868fba44e77a976eb4fb3bcea31\v2_8x8_multiplier'.
Computing hashes of 15 cells of `$paramod$51d1b5914b9b6868fba44e77a976eb4fb3bcea31\v2_8x8_multiplier'.
Finding duplicate cells in `$paramod$51d1b5914b9b6868fba44e77a976eb4fb3bcea31\v2_8x8_multiplier'.
Finding identical cells in module `\approx_mul16_loa'.
Computing hashes of 7 cells of `\approx_mul16_loa'.
Finding duplicate cells in `\approx_mul16_loa'.
Finding identical cells in module `$paramod$8472ecd29d7a2e728516e8bed214b74032836e82\loa_adder'.
Computing hashes of 4 cells of `$paramod$8472ecd29d7a2e728516e8bed214b74032836e82\loa_adder'.
Finding duplicate cells in `$paramod$8472ecd29d7a2e728516e8bed214b74032836e82\loa_adder'.
Finding identical cells in module `$paramod$176b58ae0dd721bc824ef8652ec0703003795958\v2_8x8_multiplier'.
Computing hashes of 15 cells of `$paramod$176b58ae0dd721bc824ef8652ec0703003795958\v2_8x8_multiplier'.
Finding duplicate cells in `$paramod$176b58ae0dd721bc824ef8652ec0703003795958\v2_8x8_multiplier'.
Removed a total of 0 cells.

10.6. Executing OPT_DFF pass (perform DFF optimizations).

10.7. Executing OPT_CLEAN pass (remove unused cells and wires).
Finding unused cells or wires in module $paramod$51d1b5914b9b6868fba44e77a976eb4fb3bcea31\v2_8x8_multiplier..
Finding unused cells or wires in module \approx_mul16_loa..
Finding unused cells or wires in module $paramod$8472ecd29d7a2e728516e8bed214b74032836e82\loa_adder..
Finding unused cells or wires in module $paramod$176b58ae0dd721bc824ef8652ec0703003795958\v2_8x8_multiplier..
Removed 0 unused cells and 57 unused wires.
<suppressed ~3 debug messages>

10.8. Executing OPT_EXPR pass (perform const folding).
Optimizing module $paramod$51d1b5914b9b6868fba44e77a976eb4fb3bcea31\v2_8x8_multiplier.
Optimizing module approx_mul16_loa.
Optimizing module $paramod$8472ecd29d7a2e728516e8bed214b74032836e82\loa_adder.
Optimizing module $paramod$176b58ae0dd721bc824ef8652ec0703003795958\v2_8x8_multiplier.

10.9. Rerunning OPT passes. (Maybe there is more to do..)

10.10. Executing OPT_MUXTREE pass (detect dead branches in mux trees).
Running muxtree optimizer on module $paramod$51d1b5914b9b6868fba44e77a976eb4fb3bcea31\v2_8x8_multiplier..
  Creating internal representation of mux trees.
  Evaluating internal representation of mux trees.
  Analyzing evaluation results.
Running muxtree optimizer on module \approx_mul16_loa..
  Creating internal representation of mux trees.
  No muxes found in this module.
Running muxtree optimizer on module $paramod$8472ecd29d7a2e728516e8bed214b74032836e82\loa_adder..
  Creating internal representation of mux trees.
  No muxes found in this module.
Running muxtree optimizer on module $paramod$176b58ae0dd721bc824ef8652ec0703003795958\v2_8x8_multiplier..
  Creating internal representation of mux trees.
  Evaluating internal representation of mux trees.
  Analyzing evaluation results.
Removed 0 multiplexer ports.
<suppressed ~32 debug messages>

10.11. Executing OPT_REDUCE pass (consolidate $*mux and $reduce_* inputs).
  Optimizing cells in module $paramod$51d1b5914b9b6868fba44e77a976eb4fb3bcea31\v2_8x8_multiplier.
  Optimizing cells in module \approx_mul16_loa.
  Optimizing cells in module $paramod$8472ecd29d7a2e728516e8bed214b74032836e82\loa_adder.
  Optimizing cells in module $paramod$176b58ae0dd721bc824ef8652ec0703003795958\v2_8x8_multiplier.
Performed a total of 0 changes.

10.12. Executing OPT_MERGE pass (detect identical cells).
Finding identical cells in module `$paramod$51d1b5914b9b6868fba44e77a976eb4fb3bcea31\v2_8x8_multiplier'.
Computing hashes of 15 cells of `$paramod$51d1b5914b9b6868fba44e77a976eb4fb3bcea31\v2_8x8_multiplier'.
Finding duplicate cells in `$paramod$51d1b5914b9b6868fba44e77a976eb4fb3bcea31\v2_8x8_multiplier'.
Finding identical cells in module `\approx_mul16_loa'.
Computing hashes of 7 cells of `\approx_mul16_loa'.
Finding duplicate cells in `\approx_mul16_loa'.
Finding identical cells in module `$paramod$8472ecd29d7a2e728516e8bed214b74032836e82\loa_adder'.
Computing hashes of 4 cells of `$paramod$8472ecd29d7a2e728516e8bed214b74032836e82\loa_adder'.
Finding duplicate cells in `$paramod$8472ecd29d7a2e728516e8bed214b74032836e82\loa_adder'.
Finding identical cells in module `$paramod$176b58ae0dd721bc824ef8652ec0703003795958\v2_8x8_multiplier'.
Computing hashes of 15 cells of `$paramod$176b58ae0dd721bc824ef8652ec0703003795958\v2_8x8_multiplier'.
Finding duplicate cells in `$paramod$176b58ae0dd721bc824ef8652ec0703003795958\v2_8x8_multiplier'.
Removed a total of 0 cells.

10.13. Executing OPT_DFF pass (perform DFF optimizations).

10.14. Executing OPT_CLEAN pass (remove unused cells and wires).
Finding unused cells or wires in module $paramod$51d1b5914b9b6868fba44e77a976eb4fb3bcea31\v2_8x8_multiplier..
Finding unused cells or wires in module \approx_mul16_loa..
Finding unused cells or wires in module $paramod$8472ecd29d7a2e728516e8bed214b74032836e82\loa_adder..
Finding unused cells or wires in module $paramod$176b58ae0dd721bc824ef8652ec0703003795958\v2_8x8_multiplier..

10.15. Executing OPT_EXPR pass (perform const folding).
Optimizing module $paramod$51d1b5914b9b6868fba44e77a976eb4fb3bcea31\v2_8x8_multiplier.
Optimizing module approx_mul16_loa.
Optimizing module $paramod$8472ecd29d7a2e728516e8bed214b74032836e82\loa_adder.
Optimizing module $paramod$176b58ae0dd721bc824ef8652ec0703003795958\v2_8x8_multiplier.

10.16. Finished fast OPT passes. (There is nothing left to do.)

11. Executing TECHMAP pass (map to technology primitives).

11.1. Executing Verilog-2005 frontend: /opt/tools/oss-cad-suite/lib/../share/yosys/techmap.v
Parsing Verilog input from `/opt/tools/oss-cad-suite/lib/../share/yosys/techmap.v' to AST representation.
Generating RTLIL representation for module `\_90_simplemap_bool_ops'.
Generating RTLIL representation for module `\_90_simplemap_reduce_ops'.
Generating RTLIL representation for module `\_90_simplemap_logic_ops'.
Generating RTLIL representation for module `\_90_simplemap_compare_ops'.
Generating RTLIL representation for module `\_90_simplemap_various'.
Generating RTLIL representation for module `\_90_simplemap_registers'.
Generating RTLIL representation for module `\_90_shift_ops_shr_shl_sshl_sshr'.
Generating RTLIL representation for module `\_90_shift_shiftx'.
Generating RTLIL representation for module `\_90_fa'.
Generating RTLIL representation for module `\_90_lcu_brent_kung'.
Generating RTLIL representation for module `\_90_alu'.
Generating RTLIL representation for module `\_90_macc'.
Generating RTLIL representation for module `\_90_alumacc'.
Generating RTLIL representation for module `$__div_mod_u'.
Generating RTLIL representation for module `$__div_mod_trunc'.
Generating RTLIL representation for module `\_90_div'.
Generating RTLIL representation for module `\_90_mod'.
Generating RTLIL representation for module `$__div_mod_floor'.
Generating RTLIL representation for module `\_90_divfloor'.
Generating RTLIL representation for module `\_90_modfloor'.
Generating RTLIL representation for module `\_90_pow'.
Generating RTLIL representation for module `\_90_pmux'.
Generating RTLIL representation for module `\_90_demux'.
Generating RTLIL representation for module `\_90_lut'.
Generating RTLIL representation for module `$connect'.
Generating RTLIL representation for module `$input_port'.
Successfully finished Verilog frontend.

11.2. Continuing TECHMAP pass.
Using extmapper simplemap for cells of type $mux.
Running "alumacc" on wrapper $extern:wrap:$add:Y_WIDTH=12:B_WIDTH=12:A_WIDTH=12:B_SIGNED=0:A_SIGNED=0:394426c56d1a028ba8fdd5469b163e04011def47.
Using template $extern:wrap:$add:Y_WIDTH=12:B_WIDTH=12:A_WIDTH=12:B_SIGNED=0:A_SIGNED=0:394426c56d1a028ba8fdd5469b163e04011def47 for cells of type $extern:wrap:$add:Y_WIDTH=12:B_WIDTH=12:A_WIDTH=12:B_SIGNED=0:A_SIGNED=0:394426c56d1a028ba8fdd5469b163e04011def47.
Running "alumacc" on wrapper $extern:wrap:$add:Y_WIDTH=16:B_WIDTH=16:A_WIDTH=16:B_SIGNED=0:A_SIGNED=0:394426c56d1a028ba8fdd5469b163e04011def47.
Using template $extern:wrap:$add:Y_WIDTH=16:B_WIDTH=16:A_WIDTH=16:B_SIGNED=0:A_SIGNED=0:394426c56d1a028ba8fdd5469b163e04011def47 for cells of type $extern:wrap:$add:Y_WIDTH=16:B_WIDTH=16:A_WIDTH=16:B_SIGNED=0:A_SIGNED=0:394426c56d1a028ba8fdd5469b163e04011def47.
Using template $paramod$ee3d784672cdb1cb32d9a801a3af776716f16b74\_90_alu for cells of type $alu.
Using template $paramod$6df0329addda9228fcc2546de2aaf14ad26c98e1\_90_alu for cells of type $alu.
Using extmapper simplemap for cells of type $xor.
Using template $paramod\_90_fa\WIDTH=32'00000000000000000000000000001100 for cells of type $fa.
Using template $paramod\_90_lcu_brent_kung\WIDTH=32'00000000000000000000000000001100 for cells of type $lcu.
Using extmapper simplemap for cells of type $pos.
Using extmapper simplemap for cells of type $not.
Using template $paramod\_90_fa\WIDTH=32'00000000000000000000000000010000 for cells of type $fa.
Using template $paramod\_90_lcu_brent_kung\WIDTH=32'00000000000000000000000000010000 for cells of type $lcu.
Using extmapper simplemap for cells of type $or.
Using extmapper simplemap for cells of type $and.
Running "alumacc" on wrapper $extern:wrap:$add:Y_WIDTH=19:B_WIDTH=19:A_WIDTH=19:B_SIGNED=0:A_SIGNED=0:394426c56d1a028ba8fdd5469b163e04011def47.
Using template $extern:wrap:$add:Y_WIDTH=19:B_WIDTH=19:A_WIDTH=19:B_SIGNED=0:A_SIGNED=0:394426c56d1a028ba8fdd5469b163e04011def47 for cells of type $extern:wrap:$add:Y_WIDTH=19:B_WIDTH=19:A_WIDTH=19:B_SIGNED=0:A_SIGNED=0:394426c56d1a028ba8fdd5469b163e04011def47.
Running "alumacc" on wrapper $extern:wrap:$add:Y_WIDTH=19:B_WIDTH=1:A_WIDTH=19:B_SIGNED=0:A_SIGNED=0:394426c56d1a028ba8fdd5469b163e04011def47.
Using template $extern:wrap:$add:Y_WIDTH=19:B_WIDTH=1:A_WIDTH=19:B_SIGNED=0:A_SIGNED=0:394426c56d1a028ba8fdd5469b163e04011def47 for cells of type $extern:wrap:$add:Y_WIDTH=19:B_WIDTH=1:A_WIDTH=19:B_SIGNED=0:A_SIGNED=0:394426c56d1a028ba8fdd5469b163e04011def47.
Using template $paramod$4e6ee5eb737cf7428f8e246e911ae1dac9ae2979\_90_alu for cells of type $alu.
Using template $paramod$20b1d0597707d55efcb9664e40f63985956d7680\_90_alu for cells of type $alu.
Using template $paramod\_90_fa\WIDTH=32'00000000000000000000000000010011 for cells of type $fa.
Using template $paramod\_90_lcu_brent_kung\WIDTH=32'00000000000000000000000000010011 for cells of type $lcu.
No more expansions possible.
<suppressed ~1674 debug messages>

12. Executing OPT pass (performing simple optimizations).

12.1. Executing OPT_EXPR pass (perform const folding).
Optimizing module $paramod$51d1b5914b9b6868fba44e77a976eb4fb3bcea31\v2_8x8_multiplier.
<suppressed ~660 debug messages>
Optimizing module approx_mul16_loa.
Optimizing module $paramod$8472ecd29d7a2e728516e8bed214b74032836e82\loa_adder.
<suppressed ~244 debug messages>
Optimizing module $paramod$176b58ae0dd721bc824ef8652ec0703003795958\v2_8x8_multiplier.
<suppressed ~674 debug messages>

12.2. Executing OPT_MERGE pass (detect identical cells).
Finding identical cells in module `$paramod$51d1b5914b9b6868fba44e77a976eb4fb3bcea31\v2_8x8_multiplier'.
Computing hashes of 482 cells of `$paramod$51d1b5914b9b6868fba44e77a976eb4fb3bcea31\v2_8x8_multiplier'.
Finding duplicate cells in `$paramod$51d1b5914b9b6868fba44e77a976eb4fb3bcea31\v2_8x8_multiplier'.
Computing hashes of 481 cells of `$paramod$51d1b5914b9b6868fba44e77a976eb4fb3bcea31\v2_8x8_multiplier'.
Finding duplicate cells in `$paramod$51d1b5914b9b6868fba44e77a976eb4fb3bcea31\v2_8x8_multiplier'.
<suppressed ~3 debug messages>
Finding identical cells in module `\approx_mul16_loa'.
Computing hashes of 7 cells of `\approx_mul16_loa'.
Finding duplicate cells in `\approx_mul16_loa'.
Finding identical cells in module `$paramod$8472ecd29d7a2e728516e8bed214b74032836e82\loa_adder'.
Computing hashes of 217 cells of `$paramod$8472ecd29d7a2e728516e8bed214b74032836e82\loa_adder'.
Finding duplicate cells in `$paramod$8472ecd29d7a2e728516e8bed214b74032836e82\loa_adder'.
Finding identical cells in module `$paramod$176b58ae0dd721bc824ef8652ec0703003795958\v2_8x8_multiplier'.
Computing hashes of 468 cells of `$paramod$176b58ae0dd721bc824ef8652ec0703003795958\v2_8x8_multiplier'.
Finding duplicate cells in `$paramod$176b58ae0dd721bc824ef8652ec0703003795958\v2_8x8_multiplier'.
Computing hashes of 467 cells of `$paramod$176b58ae0dd721bc824ef8652ec0703003795958\v2_8x8_multiplier'.
Finding duplicate cells in `$paramod$176b58ae0dd721bc824ef8652ec0703003795958\v2_8x8_multiplier'.
<suppressed ~3 debug messages>
Removed a total of 2 cells.

12.3. Executing OPT_MUXTREE pass (detect dead branches in mux trees).
Running muxtree optimizer on module $paramod$51d1b5914b9b6868fba44e77a976eb4fb3bcea31\v2_8x8_multiplier..
  Creating internal representation of mux trees.
  No muxes found in this module.
Running muxtree optimizer on module \approx_mul16_loa..
  Creating internal representation of mux trees.
  No muxes found in this module.
Running muxtree optimizer on module $paramod$8472ecd29d7a2e728516e8bed214b74032836e82\loa_adder..
  Creating internal representation of mux trees.
  No muxes found in this module.
Running muxtree optimizer on module $paramod$176b58ae0dd721bc824ef8652ec0703003795958\v2_8x8_multiplier..
  Creating internal representation of mux trees.
  No muxes found in this module.
Removed 0 multiplexer ports.

12.4. Executing OPT_REDUCE pass (consolidate $*mux and $reduce_* inputs).
  Optimizing cells in module $paramod$51d1b5914b9b6868fba44e77a976eb4fb3bcea31\v2_8x8_multiplier.
  Optimizing cells in module \approx_mul16_loa.
  Optimizing cells in module $paramod$8472ecd29d7a2e728516e8bed214b74032836e82\loa_adder.
  Optimizing cells in module $paramod$176b58ae0dd721bc824ef8652ec0703003795958\v2_8x8_multiplier.
Performed a total of 0 changes.

12.5. Executing OPT_MERGE pass (detect identical cells).
Finding identical cells in module `$paramod$51d1b5914b9b6868fba44e77a976eb4fb3bcea31\v2_8x8_multiplier'.
Computing hashes of 481 cells of `$paramod$51d1b5914b9b6868fba44e77a976eb4fb3bcea31\v2_8x8_multiplier'.
Finding duplicate cells in `$paramod$51d1b5914b9b6868fba44e77a976eb4fb3bcea31\v2_8x8_multiplier'.
Finding identical cells in module `\approx_mul16_loa'.
Computing hashes of 7 cells of `\approx_mul16_loa'.
Finding duplicate cells in `\approx_mul16_loa'.
Finding identical cells in module `$paramod$8472ecd29d7a2e728516e8bed214b74032836e82\loa_adder'.
Computing hashes of 217 cells of `$paramod$8472ecd29d7a2e728516e8bed214b74032836e82\loa_adder'.
Finding duplicate cells in `$paramod$8472ecd29d7a2e728516e8bed214b74032836e82\loa_adder'.
Finding identical cells in module `$paramod$176b58ae0dd721bc824ef8652ec0703003795958\v2_8x8_multiplier'.
Computing hashes of 467 cells of `$paramod$176b58ae0dd721bc824ef8652ec0703003795958\v2_8x8_multiplier'.
Finding duplicate cells in `$paramod$176b58ae0dd721bc824ef8652ec0703003795958\v2_8x8_multiplier'.
Removed a total of 0 cells.

12.6. Executing OPT_DFF pass (perform DFF optimizations).

12.7. Executing OPT_CLEAN pass (remove unused cells and wires).
Finding unused cells or wires in module $paramod$51d1b5914b9b6868fba44e77a976eb4fb3bcea31\v2_8x8_multiplier..
Finding unused cells or wires in module \approx_mul16_loa..
Finding unused cells or wires in module $paramod$8472ecd29d7a2e728516e8bed214b74032836e82\loa_adder..
Finding unused cells or wires in module $paramod$176b58ae0dd721bc824ef8652ec0703003795958\v2_8x8_multiplier..
Removed 185 unused cells and 938 unused wires.
<suppressed ~188 debug messages>

12.8. Executing OPT_EXPR pass (perform const folding).
Optimizing module $paramod$51d1b5914b9b6868fba44e77a976eb4fb3bcea31\v2_8x8_multiplier.
Optimizing module approx_mul16_loa.
Optimizing module $paramod$8472ecd29d7a2e728516e8bed214b74032836e82\loa_adder.
Optimizing module $paramod$176b58ae0dd721bc824ef8652ec0703003795958\v2_8x8_multiplier.

12.9. Rerunning OPT passes. (Maybe there is more to do..)

12.10. Executing OPT_MUXTREE pass (detect dead branches in mux trees).
Running muxtree optimizer on module $paramod$51d1b5914b9b6868fba44e77a976eb4fb3bcea31\v2_8x8_multiplier..
  Creating internal representation of mux trees.
  No muxes found in this module.
Running muxtree optimizer on module \approx_mul16_loa..
  Creating internal representation of mux trees.
  No muxes found in this module.
Running muxtree optimizer on module $paramod$8472ecd29d7a2e728516e8bed214b74032836e82\loa_adder..
  Creating internal representation of mux trees.
  No muxes found in this module.
Running muxtree optimizer on module $paramod$176b58ae0dd721bc824ef8652ec0703003795958\v2_8x8_multiplier..
  Creating internal representation of mux trees.
  No muxes found in this module.
Removed 0 multiplexer ports.

12.11. Executing OPT_REDUCE pass (consolidate $*mux and $reduce_* inputs).
  Optimizing cells in module $paramod$51d1b5914b9b6868fba44e77a976eb4fb3bcea31\v2_8x8_multiplier.
  Optimizing cells in module \approx_mul16_loa.
  Optimizing cells in module $paramod$8472ecd29d7a2e728516e8bed214b74032836e82\loa_adder.
  Optimizing cells in module $paramod$176b58ae0dd721bc824ef8652ec0703003795958\v2_8x8_multiplier.
Performed a total of 0 changes.

12.12. Executing OPT_MERGE pass (detect identical cells).
Finding identical cells in module `$paramod$51d1b5914b9b6868fba44e77a976eb4fb3bcea31\v2_8x8_multiplier'.
Computing hashes of 409 cells of `$paramod$51d1b5914b9b6868fba44e77a976eb4fb3bcea31\v2_8x8_multiplier'.
Finding duplicate cells in `$paramod$51d1b5914b9b6868fba44e77a976eb4fb3bcea31\v2_8x8_multiplier'.
Finding identical cells in module `\approx_mul16_loa'.
Computing hashes of 7 cells of `\approx_mul16_loa'.
Finding duplicate cells in `\approx_mul16_loa'.
Finding identical cells in module `$paramod$8472ecd29d7a2e728516e8bed214b74032836e82\loa_adder'.
Computing hashes of 179 cells of `$paramod$8472ecd29d7a2e728516e8bed214b74032836e82\loa_adder'.
Finding duplicate cells in `$paramod$8472ecd29d7a2e728516e8bed214b74032836e82\loa_adder'.
Finding identical cells in module `$paramod$176b58ae0dd721bc824ef8652ec0703003795958\v2_8x8_multiplier'.
Computing hashes of 392 cells of `$paramod$176b58ae0dd721bc824ef8652ec0703003795958\v2_8x8_multiplier'.
Finding duplicate cells in `$paramod$176b58ae0dd721bc824ef8652ec0703003795958\v2_8x8_multiplier'.
Removed a total of 0 cells.

12.13. Executing OPT_DFF pass (perform DFF optimizations).

12.14. Executing OPT_CLEAN pass (remove unused cells and wires).
Finding unused cells or wires in module $paramod$51d1b5914b9b6868fba44e77a976eb4fb3bcea31\v2_8x8_multiplier..
Finding unused cells or wires in module \approx_mul16_loa..
Finding unused cells or wires in module $paramod$8472ecd29d7a2e728516e8bed214b74032836e82\loa_adder..
Finding unused cells or wires in module $paramod$176b58ae0dd721bc824ef8652ec0703003795958\v2_8x8_multiplier..

12.15. Executing OPT_EXPR pass (perform const folding).
Optimizing module $paramod$51d1b5914b9b6868fba44e77a976eb4fb3bcea31\v2_8x8_multiplier.
Optimizing module approx_mul16_loa.
Optimizing module $paramod$8472ecd29d7a2e728516e8bed214b74032836e82\loa_adder.
Optimizing module $paramod$176b58ae0dd721bc824ef8652ec0703003795958\v2_8x8_multiplier.

12.16. Finished fast OPT passes. (There is nothing left to do.)

13. Printing statistics.

=== $paramod$51d1b5914b9b6868fba44e77a976eb4fb3bcea31\v2_8x8_multiplier ===

        +----------Local Count, excluding submodules.
        | 
      176 wires
      668 wire bits
       19 public wires
      224 public wire bits
        3 ports
       32 port bits
      409 cells
      163   $_AND_
       64   $_MUX_
       75   $_OR_
      107   $_XOR_

=== approx_mul16_loa ===

        +----------Local Count, excluding submodules.
        | 
       17 wires
      299 wire bits
       17 public wires
      299 public wire bits
        3 ports
       64 port bits
        7 submodules
        1   $paramod$176b58ae0dd721bc824ef8652ec0703003795958\v2_8x8_multiplier
        3   $paramod$51d1b5914b9b6868fba44e77a976eb4fb3bcea31\v2_8x8_multiplier
        3   $paramod$8472ecd29d7a2e728516e8bed214b74032836e82\loa_adder

=== $paramod$8472ecd29d7a2e728516e8bed214b74032836e82\loa_adder ===

        +----------Local Count, excluding submodules.
        | 
       77 wires
      259 wire bits
        7 public wires
       99 public wire bits
        4 ports
       73 port bits
      179 cells
       90   $_AND_
       35   $_OR_
       54   $_XOR_

=== $paramod$176b58ae0dd721bc824ef8652ec0703003795958\v2_8x8_multiplier ===

        +----------Local Count, excluding submodules.
        | 
      171 wires
      663 wire bits
       19 public wires
      224 public wire bits
        3 ports
       32 port bits
      392 cells
      157   $_AND_
       62   $_MUX_
       72   $_OR_
      101   $_XOR_

=== design hierarchy ===

        +----------Count including submodules.
        | 
     2156 approx_mul16_loa
      392 $paramod$176b58ae0dd721bc824ef8652ec0703003795958\v2_8x8_multiplier
      409 $paramod$51d1b5914b9b6868fba44e77a976eb4fb3bcea31\v2_8x8_multiplier
      179 $paramod$8472ecd29d7a2e728516e8bed214b74032836e82\loa_adder

        +----------Count including submodules.
        | 
      947 wires
     3743 wire bits
      114 public wires
     1492 public wire bits
       27 ports
      411 port bits
        - memories
        - memory bits
        - processes
     2156 cells
      916   $_AND_
      254   $_MUX_
      402   $_OR_
      584   $_XOR_
        7 submodules
        1   $paramod$176b58ae0dd721bc824ef8652ec0703003795958\v2_8x8_multiplier
        3   $paramod$51d1b5914b9b6868fba44e77a976eb4fb3bcea31\v2_8x8_multiplier
        3   $paramod$8472ecd29d7a2e728516e8bed214b74032836e82\loa_adder

14. Executing Verilog backend.

14.1. Executing BMUXMAP pass.

14.2. Executing DEMUXMAP pass.
Dumping module `$paramod$176b58ae0dd721bc824ef8652ec0703003795958\v2_8x8_multiplier'.
Dumping module `$paramod$51d1b5914b9b6868fba44e77a976eb4fb3bcea31\v2_8x8_multiplier'.
Dumping module `$paramod$8472ecd29d7a2e728516e8bed214b74032836e82\loa_adder'.
Dumping module `\approx_mul16_loa'.

End of script. Logfile hash: 140064a2d6, CPU: user 0.06s system 0.01s, MEM: 25.12 MB peak
Yosys 0.63+87 (git sha1 2f1cdc2df, clang++ 18.1.8 -fPIC -O3)
Time spent: 29% 1x techmap (0 sec), 16% 13x opt_expr (0 sec), ...
