
 /----------------------------------------------------------------------------\
 |  yosys -- Yosys Open SYnthesis Suite                                       |
 |  Copyright (C) 2012 - 2026  Claire Xenia Wolf <claire@yosyshq.com>         |
 |  Distributed under an ISC-like license, type "license" to see terms        |
 \----------------------------------------------------------------------------/
 Yosys 0.63+87 (git sha1 2f1cdc2df, clang++ 18.1.8 -fPIC -O3)

-- Running command `read_verilog group8/rtl/v2_8x8_multiplier.v group8/rtl/loa_adder.v group8/rtl/approx_mul16_loa.v group8/rtl/approx_mul16_loa_k4.v group8/rtl/approx_mul16_loa_k6.v group8/rtl/picorv32_pcpi_mul16_approx.v; chparam -set LOA_K 6 approx_mul16_loa; hierarchy -top approx_mul16_loa; proc; opt; techmap; opt; stat; write_verilog -noattr build/synth/approx_mul16_loa_k6_netlist.v' --

1. Executing Verilog-2005 frontend: group8/rtl/v2_8x8_multiplier.v
Parsing Verilog input from `group8/rtl/v2_8x8_multiplier.v' to AST representation.
Generating RTLIL representation for module `\v2_8x8_multiplier'.
Successfully finished Verilog frontend.

2. Executing Verilog-2005 frontend: group8/rtl/loa_adder.v
Parsing Verilog input from `group8/rtl/loa_adder.v' to AST representation.
Generating RTLIL representation for module `\loa_adder'.
Successfully finished Verilog frontend.

3. Executing Verilog-2005 frontend: group8/rtl/approx_mul16_loa.v
Parsing Verilog input from `group8/rtl/approx_mul16_loa.v' to AST representation.
Generating RTLIL representation for module `\approx_mul16_loa'.
Successfully finished Verilog frontend.

4. Executing Verilog-2005 frontend: group8/rtl/approx_mul16_loa_k4.v
Parsing Verilog input from `group8/rtl/approx_mul16_loa_k4.v' to AST representation.
Generating RTLIL representation for module `\approx_mul16_loa_k4'.
Successfully finished Verilog frontend.

5. Executing Verilog-2005 frontend: group8/rtl/approx_mul16_loa_k6.v
Parsing Verilog input from `group8/rtl/approx_mul16_loa_k6.v' to AST representation.
Generating RTLIL representation for module `\approx_mul16_loa_k6'.
Successfully finished Verilog frontend.

6. Executing Verilog-2005 frontend: group8/rtl/picorv32_pcpi_mul16_approx.v
Parsing Verilog input from `group8/rtl/picorv32_pcpi_mul16_approx.v' to AST representation.
Generating RTLIL representation for module `\picorv32_pcpi_mul16_approx'.
Successfully finished Verilog frontend.
Parameter \LOA_K = 6

7. Executing AST frontend in derive mode using pre-parsed AST for module `\approx_mul16_loa'.
Parameter \LOA_K = 6
Generating RTLIL representation for module `$paramod\approx_mul16_loa\LOA_K=32'00000000000000000000000000000110'.

8. Executing HIERARCHY pass (managing design hierarchy).

8.1. Analyzing design hierarchy..
Top module:  \approx_mul16_loa
Used module:     \v2_8x8_multiplier
Used module:     \loa_adder
Parameter \V2_IMPLEMENTATION = 176'00000000000000000000000000000000000000000101000001001100010000010100001101000101010010000100111101001100010001000100010101010010010111110100010101011000010000010100001101010100

8.2. Executing AST frontend in derive mode using pre-parsed AST for module `\v2_8x8_multiplier'.
Parameter \V2_IMPLEMENTATION = 176'00000000000000000000000000000000000000000101000001001100010000010100001101000101010010000100111101001100010001000100010101010010010111110100010101011000010000010100001101010100
Generating RTLIL representation for module `$paramod$89aae72eec278ca3fcec9e4517d657ee4d43b193\v2_8x8_multiplier'.
Parameter \V2_IMPLEMENTATION = 176'00000000000000000000000000000000000000000101000001001100010000010100001101000101010010000100111101001100010001000100010101010010010111110100010101011000010000010100001101010100
Found cached RTLIL representation for module `$paramod$89aae72eec278ca3fcec9e4517d657ee4d43b193\v2_8x8_multiplier'.
Parameter \V2_IMPLEMENTATION = 176'00000000000000000000000000000000000000000101000001001100010000010100001101000101010010000100111101001100010001000100010101010010010111110100010101011000010000010100001101010100
Found cached RTLIL representation for module `$paramod$89aae72eec278ca3fcec9e4517d657ee4d43b193\v2_8x8_multiplier'.
Parameter \V2_IMPLEMENTATION = 176'00000000000000000000000000000000000000000101000001001100010000010100001101000101010010000100111101001100010001000100010101010010010111110100010101011000010000010100001101010100
Found cached RTLIL representation for module `$paramod$89aae72eec278ca3fcec9e4517d657ee4d43b193\v2_8x8_multiplier'.
Parameter \WIDTH = 24
Parameter \K = 6

8.3. Executing AST frontend in derive mode using pre-parsed AST for module `\loa_adder'.
Parameter \WIDTH = 24
Parameter \K = 6
Generating RTLIL representation for module `$paramod$8472ecd29d7a2e728516e8bed214b74032836e82\loa_adder'.
Parameter \WIDTH = 24
Parameter \K = 6
Found cached RTLIL representation for module `$paramod$8472ecd29d7a2e728516e8bed214b74032836e82\loa_adder'.
Parameter \WIDTH = 24
Parameter \K = 6
Found cached RTLIL representation for module `$paramod$8472ecd29d7a2e728516e8bed214b74032836e82\loa_adder'.

8.4. Analyzing design hierarchy..
Top module:  \approx_mul16_loa
Used module:     $paramod$89aae72eec278ca3fcec9e4517d657ee4d43b193\v2_8x8_multiplier
Used module:     $paramod$8472ecd29d7a2e728516e8bed214b74032836e82\loa_adder

8.5. Analyzing design hierarchy..
Top module:  \approx_mul16_loa
Used module:     $paramod$89aae72eec278ca3fcec9e4517d657ee4d43b193\v2_8x8_multiplier
Used module:     $paramod$8472ecd29d7a2e728516e8bed214b74032836e82\loa_adder
Removing unused module `\picorv32_pcpi_mul16_approx'.
Removing unused module `\approx_mul16_loa_k6'.
Removing unused module `\approx_mul16_loa_k4'.
Removing unused module `\loa_adder'.
Removing unused module `\v2_8x8_multiplier'.
Removed 5 unused modules.

9. Executing PROC pass (convert processes to netlists).

9.1. Executing PROC_CLEAN pass (remove empty switches from decision trees).
Found and cleaned up 1 empty switch in `$paramod$8472ecd29d7a2e728516e8bed214b74032836e82\loa_adder.$proc$group8/rtl/loa_adder.v:12$20'.
Removing empty process `$paramod$8472ecd29d7a2e728516e8bed214b74032836e82\loa_adder.$proc$group8/rtl/loa_adder.v:12$20'.
Cleaned up 1 empty switch.

9.2. Executing PROC_RMDEAD pass (remove dead branches from decision trees).
Removed a total of 0 dead cases.

9.3. Executing PROC_PRUNE pass (remove redundant assignments in processes).
Removed 0 redundant assignments.
Promoted 0 assignments to connections.

9.4. Executing PROC_INIT pass (extract init attributes).

9.5. Executing PROC_ARST pass (detect async resets in processes).

9.6. Executing PROC_ROM pass (convert switches to ROMs).
Converted 0 switches.

9.7. Executing PROC_MUX pass (convert decision trees to multiplexers).

9.8. Executing PROC_DLATCH pass (convert process syncs to latches).

9.9. Executing PROC_DFF pass (convert process syncs to FFs).

9.10. Executing PROC_MEMWR pass (convert process memory writes to cells).

9.11. Executing PROC_CLEAN pass (remove empty switches from decision trees).
Cleaned up 0 empty switches.

9.12. Executing OPT_EXPR pass (perform const folding).
Optimizing module approx_mul16_loa.
Optimizing module $paramod$89aae72eec278ca3fcec9e4517d657ee4d43b193\v2_8x8_multiplier.
Optimizing module $paramod$8472ecd29d7a2e728516e8bed214b74032836e82\loa_adder.

10. Executing OPT pass (performing simple optimizations).

10.1. Executing OPT_EXPR pass (perform const folding).
Optimizing module approx_mul16_loa.
Optimizing module $paramod$89aae72eec278ca3fcec9e4517d657ee4d43b193\v2_8x8_multiplier.
Optimizing module $paramod$8472ecd29d7a2e728516e8bed214b74032836e82\loa_adder.

10.2. Executing OPT_MERGE pass (detect identical cells).
Finding identical cells in module `\approx_mul16_loa'.
Computing hashes of 7 cells of `\approx_mul16_loa'.
Finding duplicate cells in `\approx_mul16_loa'.
Finding identical cells in module `$paramod$89aae72eec278ca3fcec9e4517d657ee4d43b193\v2_8x8_multiplier'.
Computing hashes of 1 cells of `$paramod$89aae72eec278ca3fcec9e4517d657ee4d43b193\v2_8x8_multiplier'.
Finding duplicate cells in `$paramod$89aae72eec278ca3fcec9e4517d657ee4d43b193\v2_8x8_multiplier'.
Finding identical cells in module `$paramod$8472ecd29d7a2e728516e8bed214b74032836e82\loa_adder'.
Computing hashes of 4 cells of `$paramod$8472ecd29d7a2e728516e8bed214b74032836e82\loa_adder'.
Finding duplicate cells in `$paramod$8472ecd29d7a2e728516e8bed214b74032836e82\loa_adder'.
Removed a total of 0 cells.

10.3. Executing OPT_MUXTREE pass (detect dead branches in mux trees).
Running muxtree optimizer on module \approx_mul16_loa..
  Creating internal representation of mux trees.
  No muxes found in this module.
Running muxtree optimizer on module $paramod$89aae72eec278ca3fcec9e4517d657ee4d43b193\v2_8x8_multiplier..
  Creating internal representation of mux trees.
  No muxes found in this module.
Running muxtree optimizer on module $paramod$8472ecd29d7a2e728516e8bed214b74032836e82\loa_adder..
  Creating internal representation of mux trees.
  No muxes found in this module.
Removed 0 multiplexer ports.

10.4. Executing OPT_REDUCE pass (consolidate $*mux and $reduce_* inputs).
  Optimizing cells in module \approx_mul16_loa.
  Optimizing cells in module $paramod$89aae72eec278ca3fcec9e4517d657ee4d43b193\v2_8x8_multiplier.
  Optimizing cells in module $paramod$8472ecd29d7a2e728516e8bed214b74032836e82\loa_adder.
Performed a total of 0 changes.

10.5. Executing OPT_MERGE pass (detect identical cells).
Finding identical cells in module `\approx_mul16_loa'.
Computing hashes of 7 cells of `\approx_mul16_loa'.
Finding duplicate cells in `\approx_mul16_loa'.
Finding identical cells in module `$paramod$89aae72eec278ca3fcec9e4517d657ee4d43b193\v2_8x8_multiplier'.
Computing hashes of 1 cells of `$paramod$89aae72eec278ca3fcec9e4517d657ee4d43b193\v2_8x8_multiplier'.
Finding duplicate cells in `$paramod$89aae72eec278ca3fcec9e4517d657ee4d43b193\v2_8x8_multiplier'.
Finding identical cells in module `$paramod$8472ecd29d7a2e728516e8bed214b74032836e82\loa_adder'.
Computing hashes of 4 cells of `$paramod$8472ecd29d7a2e728516e8bed214b74032836e82\loa_adder'.
Finding duplicate cells in `$paramod$8472ecd29d7a2e728516e8bed214b74032836e82\loa_adder'.
Removed a total of 0 cells.

10.6. Executing OPT_DFF pass (perform DFF optimizations).

10.7. Executing OPT_CLEAN pass (remove unused cells and wires).
Finding unused cells or wires in module \approx_mul16_loa..
Finding unused cells or wires in module $paramod$89aae72eec278ca3fcec9e4517d657ee4d43b193\v2_8x8_multiplier..
Finding unused cells or wires in module $paramod$8472ecd29d7a2e728516e8bed214b74032836e82\loa_adder..
Removed 0 unused cells and 4 unused wires.
<suppressed ~2 debug messages>

10.8. Executing OPT_EXPR pass (perform const folding).
Optimizing module approx_mul16_loa.
Optimizing module $paramod$89aae72eec278ca3fcec9e4517d657ee4d43b193\v2_8x8_multiplier.
Optimizing module $paramod$8472ecd29d7a2e728516e8bed214b74032836e82\loa_adder.

10.9. Rerunning OPT passes. (Maybe there is more to do..)

10.10. Executing OPT_MUXTREE pass (detect dead branches in mux trees).
Running muxtree optimizer on module \approx_mul16_loa..
  Creating internal representation of mux trees.
  No muxes found in this module.
Running muxtree optimizer on module $paramod$89aae72eec278ca3fcec9e4517d657ee4d43b193\v2_8x8_multiplier..
  Creating internal representation of mux trees.
  No muxes found in this module.
Running muxtree optimizer on module $paramod$8472ecd29d7a2e728516e8bed214b74032836e82\loa_adder..
  Creating internal representation of mux trees.
  No muxes found in this module.
Removed 0 multiplexer ports.

10.11. Executing OPT_REDUCE pass (consolidate $*mux and $reduce_* inputs).
  Optimizing cells in module \approx_mul16_loa.
  Optimizing cells in module $paramod$89aae72eec278ca3fcec9e4517d657ee4d43b193\v2_8x8_multiplier.
  Optimizing cells in module $paramod$8472ecd29d7a2e728516e8bed214b74032836e82\loa_adder.
Performed a total of 0 changes.

10.12. Executing OPT_MERGE pass (detect identical cells).
Finding identical cells in module `\approx_mul16_loa'.
Computing hashes of 7 cells of `\approx_mul16_loa'.
Finding duplicate cells in `\approx_mul16_loa'.
Finding identical cells in module `$paramod$89aae72eec278ca3fcec9e4517d657ee4d43b193\v2_8x8_multiplier'.
Computing hashes of 1 cells of `$paramod$89aae72eec278ca3fcec9e4517d657ee4d43b193\v2_8x8_multiplier'.
Finding duplicate cells in `$paramod$89aae72eec278ca3fcec9e4517d657ee4d43b193\v2_8x8_multiplier'.
Finding identical cells in module `$paramod$8472ecd29d7a2e728516e8bed214b74032836e82\loa_adder'.
Computing hashes of 4 cells of `$paramod$8472ecd29d7a2e728516e8bed214b74032836e82\loa_adder'.
Finding duplicate cells in `$paramod$8472ecd29d7a2e728516e8bed214b74032836e82\loa_adder'.
Removed a total of 0 cells.

10.13. Executing OPT_DFF pass (perform DFF optimizations).

10.14. Executing OPT_CLEAN pass (remove unused cells and wires).
Finding unused cells or wires in module \approx_mul16_loa..
Finding unused cells or wires in module $paramod$89aae72eec278ca3fcec9e4517d657ee4d43b193\v2_8x8_multiplier..
Finding unused cells or wires in module $paramod$8472ecd29d7a2e728516e8bed214b74032836e82\loa_adder..

10.15. Executing OPT_EXPR pass (perform const folding).
Optimizing module approx_mul16_loa.
Optimizing module $paramod$89aae72eec278ca3fcec9e4517d657ee4d43b193\v2_8x8_multiplier.
Optimizing module $paramod$8472ecd29d7a2e728516e8bed214b74032836e82\loa_adder.

10.16. Finished fast OPT passes. (There is nothing left to do.)

11. Executing TECHMAP pass (map to technology primitives).

11.1. Executing Verilog-2005 frontend: /opt/tools/oss-cad-suite/lib/../share/yosys/techmap.v
Parsing Verilog input from `/opt/tools/oss-cad-suite/lib/../share/yosys/techmap.v' to AST representation.
Generating RTLIL representation for module `\_90_simplemap_bool_ops'.
Generating RTLIL representation for module `\_90_simplemap_reduce_ops'.
Generating RTLIL representation for module `\_90_simplemap_logic_ops'.
Generating RTLIL representation for module `\_90_simplemap_compare_ops'.
Generating RTLIL representation for module `\_90_simplemap_various'.
Generating RTLIL representation for module `\_90_simplemap_registers'.
Generating RTLIL representation for module `\_90_shift_ops_shr_shl_sshl_sshr'.
Generating RTLIL representation for module `\_90_shift_shiftx'.
Generating RTLIL representation for module `\_90_fa'.
Generating RTLIL representation for module `\_90_lcu_brent_kung'.
Generating RTLIL representation for module `\_90_alu'.
Generating RTLIL representation for module `\_90_macc'.
Generating RTLIL representation for module `\_90_alumacc'.
Generating RTLIL representation for module `$__div_mod_u'.
Generating RTLIL representation for module `$__div_mod_trunc'.
Generating RTLIL representation for module `\_90_div'.
Generating RTLIL representation for module `\_90_mod'.
Generating RTLIL representation for module `$__div_mod_floor'.
Generating RTLIL representation for module `\_90_divfloor'.
Generating RTLIL representation for module `\_90_modfloor'.
Generating RTLIL representation for module `\_90_pow'.
Generating RTLIL representation for module `\_90_pmux'.
Generating RTLIL representation for module `\_90_demux'.
Generating RTLIL representation for module `\_90_lut'.
Generating RTLIL representation for module `$connect'.
Generating RTLIL representation for module `$input_port'.
Successfully finished Verilog frontend.

11.2. Continuing TECHMAP pass.
Using extmapper simplemap for cells of type $or.
Using extmapper simplemap for cells of type $and.
Running "alumacc" on wrapper $extern:wrap:$add:Y_WIDTH=19:B_WIDTH=19:A_WIDTH=19:B_SIGNED=0:A_SIGNED=0:394426c56d1a028ba8fdd5469b163e04011def47.
Using template $extern:wrap:$add:Y_WIDTH=19:B_WIDTH=19:A_WIDTH=19:B_SIGNED=0:A_SIGNED=0:394426c56d1a028ba8fdd5469b163e04011def47 for cells of type $extern:wrap:$add:Y_WIDTH=19:B_WIDTH=19:A_WIDTH=19:B_SIGNED=0:A_SIGNED=0:394426c56d1a028ba8fdd5469b163e04011def47.
Running "alumacc" on wrapper $extern:wrap:$add:Y_WIDTH=19:B_WIDTH=1:A_WIDTH=19:B_SIGNED=0:A_SIGNED=0:394426c56d1a028ba8fdd5469b163e04011def47.
Using template $extern:wrap:$add:Y_WIDTH=19:B_WIDTH=1:A_WIDTH=19:B_SIGNED=0:A_SIGNED=0:394426c56d1a028ba8fdd5469b163e04011def47 for cells of type $extern:wrap:$add:Y_WIDTH=19:B_WIDTH=1:A_WIDTH=19:B_SIGNED=0:A_SIGNED=0:394426c56d1a028ba8fdd5469b163e04011def47.
Using template $paramod$4e6ee5eb737cf7428f8e246e911ae1dac9ae2979\_90_alu for cells of type $alu.
Using template $paramod$20b1d0597707d55efcb9664e40f63985956d7680\_90_alu for cells of type $alu.
Using extmapper simplemap for cells of type $xor.
Using template $paramod\_90_fa\WIDTH=32'00000000000000000000000000010011 for cells of type $fa.
Using template $paramod\_90_lcu_brent_kung\WIDTH=32'00000000000000000000000000010011 for cells of type $lcu.
Using extmapper simplemap for cells of type $pos.
Using extmapper simplemap for cells of type $mux.
Using extmapper simplemap for cells of type $not.
Running "alumacc" on wrapper $extern:wrap:$mul:Y_WIDTH=16:B_WIDTH=8:A_WIDTH=8:B_SIGNED=0:A_SIGNED=0:394426c56d1a028ba8fdd5469b163e04011def47.
Using template $extern:wrap:$mul:Y_WIDTH=16:B_WIDTH=8:A_WIDTH=8:B_SIGNED=0:A_SIGNED=0:394426c56d1a028ba8fdd5469b163e04011def47 for cells of type $extern:wrap:$mul:Y_WIDTH=16:B_WIDTH=8:A_WIDTH=8:B_SIGNED=0:A_SIGNED=0:394426c56d1a028ba8fdd5469b163e04011def47.
Using extmapper maccmap for cells of type $macc_v2.
  add \a * \b (8x8 bits, unsigned)
Using template $paramod\_90_fa\WIDTH=32'00000000000000000000000000010000 for cells of type $fa.
Using template $paramod$6df0329addda9228fcc2546de2aaf14ad26c98e1\_90_alu for cells of type $alu.
Using template $paramod\_90_lcu_brent_kung\WIDTH=32'00000000000000000000000000010000 for cells of type $lcu.
No more expansions possible.
<suppressed ~749 debug messages>

12. Executing OPT pass (performing simple optimizations).

12.1. Executing OPT_EXPR pass (perform const folding).
Optimizing module approx_mul16_loa.
Optimizing module $paramod$89aae72eec278ca3fcec9e4517d657ee4d43b193\v2_8x8_multiplier.
<suppressed ~408 debug messages>
Optimizing module $paramod$8472ecd29d7a2e728516e8bed214b74032836e82\loa_adder.
<suppressed ~244 debug messages>

12.2. Executing OPT_MERGE pass (detect identical cells).
Finding identical cells in module `\approx_mul16_loa'.
Computing hashes of 7 cells of `\approx_mul16_loa'.
Finding duplicate cells in `\approx_mul16_loa'.
Finding identical cells in module `$paramod$89aae72eec278ca3fcec9e4517d657ee4d43b193\v2_8x8_multiplier'.
Computing hashes of 394 cells of `$paramod$89aae72eec278ca3fcec9e4517d657ee4d43b193\v2_8x8_multiplier'.
Finding duplicate cells in `$paramod$89aae72eec278ca3fcec9e4517d657ee4d43b193\v2_8x8_multiplier'.
Finding identical cells in module `$paramod$8472ecd29d7a2e728516e8bed214b74032836e82\loa_adder'.
Computing hashes of 217 cells of `$paramod$8472ecd29d7a2e728516e8bed214b74032836e82\loa_adder'.
Finding duplicate cells in `$paramod$8472ecd29d7a2e728516e8bed214b74032836e82\loa_adder'.
Removed a total of 0 cells.

12.3. Executing OPT_MUXTREE pass (detect dead branches in mux trees).
Running muxtree optimizer on module \approx_mul16_loa..
  Creating internal representation of mux trees.
  No muxes found in this module.
Running muxtree optimizer on module $paramod$89aae72eec278ca3fcec9e4517d657ee4d43b193\v2_8x8_multiplier..
  Creating internal representation of mux trees.
  No muxes found in this module.
Running muxtree optimizer on module $paramod$8472ecd29d7a2e728516e8bed214b74032836e82\loa_adder..
  Creating internal representation of mux trees.
  No muxes found in this module.
Removed 0 multiplexer ports.

12.4. Executing OPT_REDUCE pass (consolidate $*mux and $reduce_* inputs).
  Optimizing cells in module \approx_mul16_loa.
  Optimizing cells in module $paramod$89aae72eec278ca3fcec9e4517d657ee4d43b193\v2_8x8_multiplier.
  Optimizing cells in module $paramod$8472ecd29d7a2e728516e8bed214b74032836e82\loa_adder.
Performed a total of 0 changes.

12.5. Executing OPT_MERGE pass (detect identical cells).
Finding identical cells in module `\approx_mul16_loa'.
Computing hashes of 7 cells of `\approx_mul16_loa'.
Finding duplicate cells in `\approx_mul16_loa'.
Finding identical cells in module `$paramod$89aae72eec278ca3fcec9e4517d657ee4d43b193\v2_8x8_multiplier'.
Computing hashes of 394 cells of `$paramod$89aae72eec278ca3fcec9e4517d657ee4d43b193\v2_8x8_multiplier'.
Finding duplicate cells in `$paramod$89aae72eec278ca3fcec9e4517d657ee4d43b193\v2_8x8_multiplier'.
Finding identical cells in module `$paramod$8472ecd29d7a2e728516e8bed214b74032836e82\loa_adder'.
Computing hashes of 217 cells of `$paramod$8472ecd29d7a2e728516e8bed214b74032836e82\loa_adder'.
Finding duplicate cells in `$paramod$8472ecd29d7a2e728516e8bed214b74032836e82\loa_adder'.
Removed a total of 0 cells.

12.6. Executing OPT_DFF pass (perform DFF optimizations).

12.7. Executing OPT_CLEAN pass (remove unused cells and wires).
Finding unused cells or wires in module \approx_mul16_loa..
Finding unused cells or wires in module $paramod$89aae72eec278ca3fcec9e4517d657ee4d43b193\v2_8x8_multiplier..
Finding unused cells or wires in module $paramod$8472ecd29d7a2e728516e8bed214b74032836e82\loa_adder..
Removed 65 unused cells and 248 unused wires.
<suppressed ~67 debug messages>

12.8. Executing OPT_EXPR pass (perform const folding).
Optimizing module approx_mul16_loa.
Optimizing module $paramod$89aae72eec278ca3fcec9e4517d657ee4d43b193\v2_8x8_multiplier.
Optimizing module $paramod$8472ecd29d7a2e728516e8bed214b74032836e82\loa_adder.

12.9. Rerunning OPT passes. (Maybe there is more to do..)

12.10. Executing OPT_MUXTREE pass (detect dead branches in mux trees).
Running muxtree optimizer on module \approx_mul16_loa..
  Creating internal representation of mux trees.
  No muxes found in this module.
Running muxtree optimizer on module $paramod$89aae72eec278ca3fcec9e4517d657ee4d43b193\v2_8x8_multiplier..
  Creating internal representation of mux trees.
  No muxes found in this module.
Running muxtree optimizer on module $paramod$8472ecd29d7a2e728516e8bed214b74032836e82\loa_adder..
  Creating internal representation of mux trees.
  No muxes found in this module.
Removed 0 multiplexer ports.

12.11. Executing OPT_REDUCE pass (consolidate $*mux and $reduce_* inputs).
  Optimizing cells in module \approx_mul16_loa.
  Optimizing cells in module $paramod$89aae72eec278ca3fcec9e4517d657ee4d43b193\v2_8x8_multiplier.
  Optimizing cells in module $paramod$8472ecd29d7a2e728516e8bed214b74032836e82\loa_adder.
Performed a total of 0 changes.

12.12. Executing OPT_MERGE pass (detect identical cells).
Finding identical cells in module `\approx_mul16_loa'.
Computing hashes of 7 cells of `\approx_mul16_loa'.
Finding duplicate cells in `\approx_mul16_loa'.
Finding identical cells in module `$paramod$89aae72eec278ca3fcec9e4517d657ee4d43b193\v2_8x8_multiplier'.
Computing hashes of 367 cells of `$paramod$89aae72eec278ca3fcec9e4517d657ee4d43b193\v2_8x8_multiplier'.
Finding duplicate cells in `$paramod$89aae72eec278ca3fcec9e4517d657ee4d43b193\v2_8x8_multiplier'.
Finding identical cells in module `$paramod$8472ecd29d7a2e728516e8bed214b74032836e82\loa_adder'.
Computing hashes of 179 cells of `$paramod$8472ecd29d7a2e728516e8bed214b74032836e82\loa_adder'.
Finding duplicate cells in `$paramod$8472ecd29d7a2e728516e8bed214b74032836e82\loa_adder'.
Removed a total of 0 cells.

12.13. Executing OPT_DFF pass (perform DFF optimizations).

12.14. Executing OPT_CLEAN pass (remove unused cells and wires).
Finding unused cells or wires in module \approx_mul16_loa..
Finding unused cells or wires in module $paramod$89aae72eec278ca3fcec9e4517d657ee4d43b193\v2_8x8_multiplier..
Finding unused cells or wires in module $paramod$8472ecd29d7a2e728516e8bed214b74032836e82\loa_adder..

12.15. Executing OPT_EXPR pass (perform const folding).
Optimizing module approx_mul16_loa.
Optimizing module $paramod$89aae72eec278ca3fcec9e4517d657ee4d43b193\v2_8x8_multiplier.
Optimizing module $paramod$8472ecd29d7a2e728516e8bed214b74032836e82\loa_adder.

12.16. Finished fast OPT passes. (There is nothing left to do.)

13. Printing statistics.

=== approx_mul16_loa ===

        +----------Local Count, excluding submodules.
        | 
       17 wires
      299 wire bits
       17 public wires
      299 public wire bits
        3 ports
       64 port bits
        7 submodules
        3   $paramod$8472ecd29d7a2e728516e8bed214b74032836e82\loa_adder
        4   $paramod$89aae72eec278ca3fcec9e4517d657ee4d43b193\v2_8x8_multiplier

=== $paramod$89aae72eec278ca3fcec9e4517d657ee4d43b193\v2_8x8_multiplier ===

        +----------Local Count, excluding submodules.
        | 
       76 wires
      720 wire bits
        3 public wires
       32 public wire bits
        3 ports
       32 port bits
      367 cells
      195   $_AND_
       52   $_OR_
      120   $_XOR_

=== $paramod$8472ecd29d7a2e728516e8bed214b74032836e82\loa_adder ===

        +----------Local Count, excluding submodules.
        | 
       77 wires
      259 wire bits
        7 public wires
       99 public wire bits
        4 ports
       73 port bits
      179 cells
       90   $_AND_
       35   $_OR_
       54   $_XOR_

=== design hierarchy ===

        +----------Count including submodules.
        | 
     2005 approx_mul16_loa
      179 $paramod$8472ecd29d7a2e728516e8bed214b74032836e82\loa_adder
      367 $paramod$89aae72eec278ca3fcec9e4517d657ee4d43b193\v2_8x8_multiplier

        +----------Count including submodules.
        | 
      552 wires
     3956 wire bits
       50 public wires
      724 public wire bits
       27 ports
      411 port bits
        - memories
        - memory bits
        - processes
     2005 cells
     1050   $_AND_
      313   $_OR_
      642   $_XOR_
        7 submodules
        3   $paramod$8472ecd29d7a2e728516e8bed214b74032836e82\loa_adder
        4   $paramod$89aae72eec278ca3fcec9e4517d657ee4d43b193\v2_8x8_multiplier

14. Executing Verilog backend.

14.1. Executing BMUXMAP pass.

14.2. Executing DEMUXMAP pass.
Dumping module `$paramod$8472ecd29d7a2e728516e8bed214b74032836e82\loa_adder'.
Dumping module `$paramod$89aae72eec278ca3fcec9e4517d657ee4d43b193\v2_8x8_multiplier'.
Dumping module `\approx_mul16_loa'.

End of script. Logfile hash: e6f0f00d46, CPU: user 0.05s system 0.01s, MEM: 20.64 MB peak
Yosys 0.63+87 (git sha1 2f1cdc2df, clang++ 18.1.8 -fPIC -O3)
Time spent: 28% 1x techmap (0 sec), 17% 8x read_verilog (0 sec), ...
