
icetime topological timing analysis report
==========================================

Info: max_span_hack is enabled: estimate is conservative.

Report for critical path:
-------------------------

        lc40_12_3_4 (LogicCell40) [clk] -> lcout: 1.491 ns
     1.491 ns net_45368 (iomem_addr[14])
        odrv_12_3_45368_49347 (Odrv4) I -> O: 0.649 ns
        t12407 (LocalMux) I -> O: 1.099 ns
        inmux_13_6_53440_53507 (InMux) I -> O: 0.662 ns
        t1986 (CascadeMux) I -> O: 0.000 ns
        lc40_13_6_6 (LogicCell40) in2 -> lcout: 1.205 ns
     5.106 ns net_49570 (iomem_ready_SB_LUT4_I2_O_SB_LUT4_O_I3_SB_LUT4_O_1_I3[3])
        t13560 (LocalMux) I -> O: 1.099 ns
        inmux_14_7_57419_57447 (InMux) I -> O: 0.662 ns
        lc40_14_7_4 (LogicCell40) in1 -> lcout: 1.232 ns
     8.100 ns net_53522 (iomem_ready_SB_LUT4_I2_O_SB_LUT4_O_I1[3])
        odrv_14_7_53522_49822 (Odrv4) I -> O: 0.649 ns
        t14985 (Span4Mux_v4) I -> O: 0.649 ns
        t14984 (Span4Mux_v4) I -> O: 0.649 ns
        t14983 (LocalMux) I -> O: 1.099 ns
        inmux_16_12_65689_65723 (InMux) I -> O: 0.662 ns
        lc40_16_12_4 (LogicCell40) in1 -> lcout: 1.232 ns
    13.040 ns net_61797 (flash_io3_di_SB_LUT4_I0_O_SB_LUT4_O_I1[3])
        t17523 (LocalMux) I -> O: 1.099 ns
        inmux_15_11_61731_61744 (InMux) I -> O: 0.662 ns
        lc40_15_11_0 (LogicCell40) in0 -> lcout: 1.285 ns
    16.086 ns net_57840 (soc.simpleuart.send_dummy_SB_LUT4_I2_O[2])
        t16430 (LocalMux) I -> O: 1.099 ns
        inmux_15_12_61842_61899 (InMux) I -> O: 0.662 ns
        t2325 (CascadeMux) I -> O: 0.000 ns
        lc40_15_12_5 (LogicCell40) in2 -> lcout: 1.205 ns
    19.053 ns net_57968 (soc.cpu.prefetched_high_word_SB_LUT4_I1_1_O[2])
        odrv_15_12_57968_54272 (Odrv4) I -> O: 0.649 ns
        t16460 (Span4Mux_h4) I -> O: 0.543 ns
        t16459 (Span4Mux_v4) I -> O: 0.649 ns
        t16458 (Span4Mux_v4) I -> O: 0.649 ns
        t16457 (Span4Mux_v4) I -> O: 0.649 ns
        t16456 (LocalMux) I -> O: 1.099 ns
        inmux_21_21_85317_85368 (InMux) I -> O: 0.662 ns
        lc40_21_21_6 (LogicCell40) in3 -> lcout: 0.874 ns
    24.828 ns net_81430 (flash_io1_oe_SB_LUT4_I1_O_SB_LUT4_I3_O[2])
        odrv_21_21_81430_74539 (Odrv4) I -> O: 0.649 ns
        t21368 (Span4Mux_v4) I -> O: 0.649 ns
        t21377 (Span4Mux_v4) I -> O: 0.649 ns
        t21376 (LocalMux) I -> O: 1.099 ns
        inmux_18_16_73834_73895 (InMux) I -> O: 0.662 ns
        lc40_18_16_7 (LogicCell40) in1 -> lcout: 1.232 ns
    29.768 ns net_69954 (soc.cpu.mem_rdata_q_SB_DFF_Q_15_D_SB_LUT4_O_I1_SB_LUT4_O_I3_SB_LUT4_O_I3[3])
        odrv_18_16_69954_73296 (Odrv12) I -> O: 1.232 ns
        t19779 (LocalMux) I -> O: 1.099 ns
        inmux_18_21_74455_74468 (InMux) I -> O: 0.662 ns
        lc40_18_21_0 (LogicCell40) in1 -> lcout: 1.232 ns
    33.993 ns net_70562 (soc.cpu.mem_rdata_q_SB_DFF_Q_15_D_SB_LUT4_O_I1_SB_LUT4_O_I3_SB_LUT4_O_1_I3[3])
        t19867 (LocalMux) I -> O: 1.099 ns
        inmux_18_22_74557_74592 (InMux) I -> O: 0.662 ns
        t2753 (CascadeMux) I -> O: 0.000 ns
        lc40_18_22_0 (LogicCell40) in2 -> lcout: 1.205 ns
    36.960 ns net_70685 (soc.cpu.is_sb_sh_sw_SB_DFFE_Q_D_SB_LUT4_O_I3_SB_LUT4_O_I3_SB_LUT4_O_I3[0])
        t19878 (LocalMux) I -> O: 1.099 ns
        inmux_17_22_70750_70765 (InMux) I -> O: 0.662 ns
        lc40_17_22_1 (LogicCell40) in0 -> lcout: 1.285 ns
    40.006 ns net_66855 (soc.cpu.compressed_instr_SB_DFFE_Q_D[1])
        t18950 (LocalMux) I -> O: 1.099 ns
        inmux_16_21_66797_66831 (InMux) I -> O: 0.662 ns
        t2498 (CascadeMux) I -> O: 0.000 ns
        lc40_16_21_4 (LogicCell40) in2 -> lcout: 1.205 ns
    42.973 ns net_62904 (soc.cpu.cpu_state_SB_DFF_Q_2_D_SB_LUT4_O_I2_SB_LUT4_O_I2_SB_LUT4_O_I3_SB_LUT4_I3_O[3])
        odrv_16_21_62904_66755 (Odrv4) I -> O: 0.649 ns
        t17767 (Span4Mux_v4) I -> O: 0.649 ns
        t17766 (LocalMux) I -> O: 1.099 ns
        inmux_17_26_71230_71281 (InMux) I -> O: 0.662 ns
        lc40_17_26_5 (LogicCell40) in0 -> lcout: 1.285 ns
    47.317 ns net_67351 (soc.cpu.is_sb_sh_sw_SB_DFFE_Q_D_SB_LUT4_O_I3_SB_LUT4_O_I3_SB_LUT4_I2_O[0])
        odrv_17_26_67351_71314 (Odrv4) I -> O: 0.649 ns
        t19165 (LocalMux) I -> O: 1.099 ns
        inmux_20_26_82103_82133 (InMux) I -> O: 0.662 ns
        t3292 (CascadeMux) I -> O: 0.000 ns
        lc40_20_26_3 (LogicCell40) in2 -> lcout: 1.205 ns
    50.933 ns net_78286 (soc.cpu.decoded_imm_j_SB_DFFE_Q_9_D_SB_LUT4_O_I3_SB_LUT4_O_I2_SB_LUT4_I3_O_SB_LUT4_I2_O[3])
        t20667 (LocalMux) I -> O: 1.099 ns
        inmux_20_27_82214_82272 (InMux) I -> O: 0.662 ns
        lc40_20_27_6 (LogicCell40) in0 -> lcout: 1.285 ns
    53.979 ns net_78391 (soc.cpu.mem_rdata_q_SB_DFF_Q_13_D_SB_LUT4_O_I1[2])
        odrv_20_27_78391_75272 (Odrv4) I -> O: 0.649 ns
        t20764 (Span4Mux_v4) I -> O: 0.649 ns
        t20763 (Span4Mux_h4) I -> O: 0.543 ns
        t20762 (LocalMux) I -> O: 1.099 ns
        inmux_18_23_74692_74726 (InMux) I -> O: 0.662 ns
        lc40_18_23_2 (LogicCell40) in1 -> lcout: 1.232 ns
    58.813 ns net_70810 (soc.cpu.mem_rdata_q_SB_DFF_Q_13_D_SB_LUT4_O_I2[1])
        t19929 (LocalMux) I -> O: 1.099 ns
        inmux_18_23_74706_74743 (InMux) I -> O: 0.662 ns
    60.575 ns net_74743 (soc.cpu.mem_rdata_q_SB_DFF_Q_13_D_SB_LUT4_O_I2[1])
        lc40_18_23_5 (LogicCell40) in0 [setup]: 1.060 ns
    61.634 ns net_70813 (soc.cpu.mem_rdata_q[19])

Resolvable net names on path:
     1.491 ns ..  3.901 ns iomem_addr[14]
     5.106 ns ..  6.868 ns iomem_ready_SB_LUT4_I2_O_SB_LUT4_O_I3_SB_LUT4_O_1_I3[3]
     8.100 ns .. 11.808 ns iomem_ready_SB_LUT4_I2_O_SB_LUT4_O_I1[3]
    13.040 ns .. 14.801 ns flash_io3_di_SB_LUT4_I0_O_SB_LUT4_O_I1[3]
    16.086 ns .. 17.848 ns soc.simpleuart.send_dummy_SB_LUT4_I2_O[2]
    19.053 ns .. 23.953 ns soc.cpu.prefetched_high_word_SB_LUT4_I1_1_O[2]
    24.828 ns .. 28.536 ns flash_io1_oe_SB_LUT4_I1_O_SB_LUT4_I3_O[2]
    29.768 ns .. 32.761 ns soc.cpu.mem_rdata_q_SB_DFF_Q_15_D_SB_LUT4_O_I1_SB_LUT4_O_I3_SB_LUT4_O_I3[3]
    33.993 ns .. 35.754 ns soc.cpu.mem_rdata_q_SB_DFF_Q_15_D_SB_LUT4_O_I1_SB_LUT4_O_I3_SB_LUT4_O_1_I3[3]
    36.960 ns .. 38.721 ns soc.cpu.is_sb_sh_sw_SB_DFFE_Q_D_SB_LUT4_O_I3_SB_LUT4_O_I3_SB_LUT4_O_I3[0]
    40.006 ns .. 41.767 ns soc.cpu.compressed_instr_SB_DFFE_Q_D[1]
    42.973 ns .. 46.032 ns soc.cpu.cpu_state_SB_DFF_Q_2_D_SB_LUT4_O_I2_SB_LUT4_O_I2_SB_LUT4_O_I3_SB_LUT4_I3_O[3]
    47.317 ns .. 49.727 ns soc.cpu.is_sb_sh_sw_SB_DFFE_Q_D_SB_LUT4_O_I3_SB_LUT4_O_I3_SB_LUT4_I2_O[0]
    50.933 ns .. 52.694 ns soc.cpu.decoded_imm_j_SB_DFFE_Q_9_D_SB_LUT4_O_I3_SB_LUT4_O_I2_SB_LUT4_I3_O_SB_LUT4_I2_O[3]
    53.979 ns .. 57.581 ns soc.cpu.mem_rdata_q_SB_DFF_Q_13_D_SB_LUT4_O_I1[2]
    58.813 ns .. 60.575 ns soc.cpu.mem_rdata_q_SB_DFF_Q_13_D_SB_LUT4_O_I2[1]
                  lcout -> soc.cpu.mem_rdata_q[19]

Total number of logic levels: 16
Total path delay: 61.63 ns (16.22 MHz)

