
icetime topological timing analysis report
==========================================

Info: max_span_hack is enabled: estimate is conservative.

Report for critical path:
-------------------------

        lc40_12_10_7 (LogicCell40) [clk] -> lcout: 1.491 ns
     1.491 ns net_46232 (iomem_addr[30])
        t14290 (LocalMux) I -> O: 1.099 ns
        inmux_12_9_49989_50043 (InMux) I -> O: 0.662 ns
        lc40_12_9_6 (LogicCell40) in0 -> lcout: 1.285 ns
     4.537 ns net_46108 (iomem_ready_SB_LUT4_I1_I2_SB_LUT4_O_2_I3[2])
        odrv_12_9_46108_49835 (Odrv4) I -> O: 0.649 ns
        t14277 (Span4Mux_h4) I -> O: 0.543 ns
        t14276 (LocalMux) I -> O: 1.099 ns
        inmux_14_6_57266_57323 (InMux) I -> O: 0.662 ns
        lc40_14_6_4 (LogicCell40) in0 -> lcout: 1.285 ns
     8.775 ns net_53399 (iomem_ready_SB_LUT4_I1_I2[3])
        t17280 (LocalMux) I -> O: 1.099 ns
        inmux_15_5_61001_61043 (InMux) I -> O: 0.662 ns
        lc40_15_5_6 (LogicCell40) in1 -> lcout: 1.232 ns
    11.768 ns net_57108 (flash_io1_di_SB_LUT4_I1_I2[1])
        odrv_15_5_57108_57131 (Odrv4) I -> O: 0.649 ns
        t18796 (Span4Mux_h4) I -> O: 0.543 ns
        t18795 (Span4Mux_v4) I -> O: 0.649 ns
        t18794 (LocalMux) I -> O: 1.099 ns
        inmux_18_10_73103_73126 (InMux) I -> O: 0.662 ns
        lc40_18_10_2 (LogicCell40) in0 -> lcout: 1.285 ns
    16.656 ns net_69211 (flash_io1_di_SB_LUT4_I1_I2_SB_LUT4_I2_O[3])
        odrv_18_10_69211_73181 (Odrv4) I -> O: 0.649 ns
        t22636 (LocalMux) I -> O: 1.099 ns
        inmux_20_10_80140_80151 (InMux) I -> O: 0.662 ns
        lc40_20_10_1 (LogicCell40) in0 -> lcout: 1.285 ns
    20.351 ns net_76652 (flash_io0_di_SB_LUT4_I2_O[3])
        t23673 (LocalMux) I -> O: 1.099 ns
        inmux_20_10_80113_80163 (InMux) I -> O: 0.662 ns
        lc40_20_10_3 (LogicCell40) in0 -> lcout: 1.285 ns
    23.397 ns net_76654 (flash_io0_di_SB_LUT4_I2_O_SB_LUT4_I3_O[3])
        t23674 (LocalMux) I -> O: 1.099 ns
        inmux_21_11_84093_84108 (InMux) I -> O: 0.662 ns
        lc40_21_11_1 (LogicCell40) in3 -> lcout: 0.874 ns
    26.033 ns net_80195 (soc.cpu.prefetched_high_word_SB_DFFESR_Q_D_SB_LUT4_O_I3_SB_LUT4_O_I3[3])
        odrv_21_11_80195_83789 (Odrv12) I -> O: 1.232 ns
        t25074 (LocalMux) I -> O: 1.099 ns
        inmux_21_18_84956_84986 (InMux) I -> O: 0.662 ns
        t4119 (CascadeMux) I -> O: 0.000 ns
        lc40_21_18_4 (LogicCell40) in2 -> lcout: 1.205 ns
    30.231 ns net_81059 (soc.cpu.decoded_imm_j_SB_DFFE_Q_4_D_SB_LUT4_O_I2_SB_LUT4_O_I1_SB_LUT4_O_I2[3])
        t25268 (LocalMux) I -> O: 1.099 ns
        inmux_21_19_85062_85101 (InMux) I -> O: 0.662 ns
        lc40_21_19_3 (LogicCell40) in0 -> lcout: 1.285 ns
    33.278 ns net_81181 (soc.cpu.decoded_imm_j_SB_DFFE_Q_4_D_SB_LUT4_O_I2_SB_LUT4_O_I1_SB_LUT4_O_I3[3])
        odrv_21_19_81181_85152 (Odrv4) I -> O: 0.649 ns
        t25349 (Span4Mux_v4) I -> O: 0.649 ns
        t25348 (LocalMux) I -> O: 1.099 ns
        inmux_21_23_85548_85606 (InMux) I -> O: 0.662 ns
        lc40_21_23_5 (LogicCell40) in1 -> lcout: 1.232 ns
    37.569 ns net_81675 (soc.cpu.decoded_imm_j_SB_DFFE_Q_4_D_SB_LUT4_O_I2_SB_LUT4_O_I1[2])
        t25474 (LocalMux) I -> O: 1.099 ns
        inmux_20_23_81740_81746 (InMux) I -> O: 0.662 ns
        t3967 (CascadeMux) I -> O: 0.000 ns
        lc40_20_23_0 (LogicCell40) in2 -> lcout: 1.205 ns
    40.536 ns net_77977 (soc.cpu.compressed_instr_SB_DFFE_Q_D[1])
        odrv_20_23_77977_81702 (Odrv4) I -> O: 0.649 ns
        t24221 (Span4Mux_h4) I -> O: 0.543 ns
        t24220 (LocalMux) I -> O: 1.099 ns
        inmux_17_25_71097_71140 (InMux) I -> O: 0.662 ns
        lc40_17_25_2 (LogicCell40) in0 -> lcout: 1.285 ns
    44.774 ns net_67225 (soc.cpu.mem_do_rinst_SB_LUT4_I1_1_O[2])
        t22027 (LocalMux) I -> O: 1.099 ns
        inmux_16_26_67389_67420 (InMux) I -> O: 0.662 ns
        lc40_16_26_0 (LogicCell40) in0 -> lcout: 1.285 ns
    47.820 ns net_63515 (soc.cpu.mem_do_wdata_SB_DFFESS_Q_S_SB_LUT4_O_I2[3])
        t20754 (LocalMux) I -> O: 1.099 ns
        inmux_16_25_67264_67333 (InMux) I -> O: 0.662 ns
        lc40_16_25_6 (LogicCell40) in0 -> lcout: 1.285 ns
    50.866 ns net_63398 (soc.cpu.latched_is_lh_SB_DFFESR_Q_E_SB_LUT4_O_I3[3])
        t20710 (LocalMux) I -> O: 1.099 ns
        inmux_15_26_63570_63626 (InMux) I -> O: 0.662 ns
        lc40_15_26_6 (LogicCell40) in1 -> lcout: 1.232 ns
    53.860 ns net_59691 (soc.cpu.instr_sll_SB_LUT4_I3_O_SB_LUT4_I3_O_SB_LUT4_I3_O[2])
        odrv_15_26_59691_59840 (Odrv4) I -> O: 0.649 ns
        t19523 (Span4Mux_h4) I -> O: 0.543 ns
        t19522 (Span4Mux_v4) I -> O: 0.649 ns
        t19521 (LocalMux) I -> O: 1.099 ns
        inmux_10_28_44677_44721 (InMux) I -> O: 0.662 ns
        lc40_10_28_6 (LogicCell40) in3 -> lcout: 0.874 ns
    58.336 ns net_40783 (soc.cpu.instr_sll_SB_LUT4_I3_O_SB_LUT4_I0_O)
        odrv_10_28_40783_44510 (Odrv4) I -> O: 0.649 ns
        t12350 (Span4Mux_v4) I -> O: 0.649 ns
        t12349 (Span4Mux_v4) I -> O: 0.649 ns
        t12348 (Span4Mux_v4) I -> O: 0.649 ns
        t12347 (Span4Mux_v4) I -> O: 0.649 ns
        t12346 (Span4Mux_v4) I -> O: 0.649 ns
        t12345 (Span4Mux_h4) I -> O: 0.543 ns
        t12344 (LocalMux) I -> O: 1.099 ns
        inmux_11_5_45662_45730 (CEMux) I -> O: 0.702 ns
    64.574 ns net_45730 (soc.cpu.instr_sll_SB_LUT4_I3_O_SB_LUT4_I0_O)
        lc40_11_5_4 (LogicCell40) ce [setup]: 0.000 ns
    64.574 ns net_41783 (soc.cpu.mem_addr_SB_DFFE_Q_20_D_SB_LUT4_O_I3[0])

Resolvable net names on path:
     1.491 ns ..  3.252 ns iomem_addr[30]
     4.537 ns ..  7.490 ns iomem_ready_SB_LUT4_I1_I2_SB_LUT4_O_2_I3[2]
     8.775 ns .. 10.537 ns iomem_ready_SB_LUT4_I1_I2[3]
    11.768 ns .. 15.371 ns flash_io1_di_SB_LUT4_I1_I2[1]
    16.656 ns .. 19.066 ns flash_io1_di_SB_LUT4_I1_I2_SB_LUT4_I2_O[3]
    20.351 ns .. 22.112 ns flash_io0_di_SB_LUT4_I2_O[3]
    23.397 ns .. 25.159 ns flash_io0_di_SB_LUT4_I2_O_SB_LUT4_I3_O[3]
    26.033 ns .. 29.026 ns soc.cpu.prefetched_high_word_SB_DFFESR_Q_D_SB_LUT4_O_I3_SB_LUT4_O_I3[3]
    30.231 ns .. 31.993 ns soc.cpu.decoded_imm_j_SB_DFFE_Q_4_D_SB_LUT4_O_I2_SB_LUT4_O_I1_SB_LUT4_O_I2[3]
    33.278 ns .. 36.337 ns soc.cpu.decoded_imm_j_SB_DFFE_Q_4_D_SB_LUT4_O_I2_SB_LUT4_O_I1_SB_LUT4_O_I3[3]
    37.569 ns .. 39.330 ns soc.cpu.decoded_imm_j_SB_DFFE_Q_4_D_SB_LUT4_O_I2_SB_LUT4_O_I1[2]
    40.536 ns .. 43.489 ns soc.cpu.compressed_instr_SB_DFFE_Q_D[1]
    44.774 ns .. 46.535 ns soc.cpu.mem_do_rinst_SB_LUT4_I1_1_O[2]
    47.820 ns .. 49.582 ns soc.cpu.mem_do_wdata_SB_DFFESS_Q_S_SB_LUT4_O_I2[3]
    50.866 ns .. 52.628 ns soc.cpu.latched_is_lh_SB_DFFESR_Q_E_SB_LUT4_O_I3[3]
    53.860 ns .. 57.462 ns soc.cpu.instr_sll_SB_LUT4_I3_O_SB_LUT4_I3_O_SB_LUT4_I3_O[2]
    58.336 ns .. 64.574 ns soc.cpu.instr_sll_SB_LUT4_I3_O_SB_LUT4_I0_O
                  lcout -> soc.cpu.mem_addr_SB_DFFE_Q_20_D_SB_LUT4_O_I3[0]

Total number of logic levels: 17
Total path delay: 64.57 ns (15.49 MHz)

