
icetime topological timing analysis report
==========================================

Info: max_span_hack is enabled: estimate is conservative.

Report for critical path:
-------------------------

        lc40_14_16_0 (LogicCell40) [clk] -> lcout: 1.491 ns
     1.491 ns net_54625 (iomem_addr[11])
        odrv_14_16_54625_57113 (Odrv12) I -> O: 1.232 ns
        t14146 (LocalMux) I -> O: 1.099 ns
        inmux_14_7_57416_57460 (InMux) I -> O: 0.662 ns
        t2446 (CascadeMux) I -> O: 0.000 ns
        lc40_14_7_6 (LogicCell40) in2 -> lcout: 1.205 ns
     5.689 ns net_53524 (flash_io3_di_SB_LUT4_I2_O_SB_LUT4_O_1_I3_SB_LUT4_O_I3_SB_LUT4_O_I3_SB_LUT4_O_I3_SB_LUT4_O_1_I3[3])
        t13900 (LocalMux) I -> O: 1.099 ns
        inmux_14_8_57526_57582 (InMux) I -> O: 0.662 ns
        lc40_14_8_6 (LogicCell40) in1 -> lcout: 1.232 ns
     8.682 ns net_53647 (flash_io3_di_SB_LUT4_I2_O_SB_LUT4_O_1_I3_SB_LUT4_O_I3_SB_LUT4_O_I3_SB_LUT4_O_I3[3])
        t13936 (LocalMux) I -> O: 1.099 ns
        inmux_15_9_61487_61507 (InMux) I -> O: 0.662 ns
        lc40_15_9_1 (LogicCell40) in3 -> lcout: 0.874 ns
    11.318 ns net_57595 (flash_io3_di_SB_LUT4_I2_O_SB_LUT4_O_1_I3_SB_LUT4_O_I3_SB_LUT4_I3_1_O_SB_LUT4_O_1_I1[3])
        t15024 (LocalMux) I -> O: 1.099 ns
        inmux_15_10_61589_61663 (InMux) I -> O: 0.662 ns
        lc40_15_10_7 (LogicCell40) in0 -> lcout: 1.285 ns
    14.364 ns net_57724 (flash_io3_di_SB_LUT4_I2_O_SB_LUT4_O_1_I3_SB_LUT4_O_I3[1])
        t15182 (LocalMux) I -> O: 1.099 ns
        inmux_16_10_65434_65452 (InMux) I -> O: 0.662 ns
        lc40_16_10_0 (LogicCell40) in0 -> lcout: 1.285 ns
    17.411 ns net_61547 (flash_io3_di_SB_LUT4_I2_O_SB_LUT4_O_1_I3[1])
        odrv_16_10_61547_57862 (Odrv4) I -> O: 0.649 ns
        t16910 (Span4Mux_v4) I -> O: 0.649 ns
        t16909 (LocalMux) I -> O: 1.099 ns
        inmux_17_13_69648_69673 (InMux) I -> O: 0.662 ns
        lc40_17_13_3 (LogicCell40) in3 -> lcout: 0.874 ns
    21.344 ns net_65750 (flash_clk_SB_LUT4_I2_O[3])
        odrv_17_13_65750_69362 (Odrv4) I -> O: 0.649 ns
        t18162 (Span4Mux_h4) I -> O: 0.543 ns
        t18161 (LocalMux) I -> O: 1.099 ns
        inmux_16_9_65319_65356 (InMux) I -> O: 0.662 ns
        lc40_16_9_4 (LogicCell40) in3 -> lcout: 0.874 ns
    25.172 ns net_61428 (flash_clk_SB_LUT4_I2_O_SB_LUT4_I2_O[3])
        t16869 (LocalMux) I -> O: 1.099 ns
        inmux_16_8_65185_65219 (InMux) I -> O: 0.662 ns
        lc40_16_8_2 (LogicCell40) in1 -> lcout: 1.232 ns
    28.165 ns net_61303 (soc.cpu.mem_rdata_q_SB_DFFE_Q_27_D_SB_LUT4_O_I3[3])
        t16860 (LocalMux) I -> O: 1.099 ns
        inmux_17_8_69014_69043 (InMux) I -> O: 0.662 ns
        lc40_17_8_1 (LogicCell40) in0 -> lcout: 1.285 ns
    31.211 ns net_65133 (soc.cpu.mem_rdata_q_SB_DFFE_Q_27_D[2])
        odrv_17_8_65133_69102 (Odrv4) I -> O: 0.649 ns
        t18007 (Span4Mux_v4) I -> O: 0.649 ns
        t18006 (Span4Mux_v4) I -> O: 0.649 ns
        t18005 (Span4Mux_v4) I -> O: 0.649 ns
        t18004 (LocalMux) I -> O: 1.099 ns
        inmux_20_19_81246_81266 (InMux) I -> O: 0.662 ns
        t3723 (CascadeMux) I -> O: 0.000 ns
        lc40_20_19_2 (LogicCell40) in2 -> lcout: 1.205 ns
    36.774 ns net_77571 (soc.cpu.instr_lui_SB_DFFE_Q_D_SB_LUT4_O_I2_SB_LUT4_O_I2[2])
        t20275 (LocalMux) I -> O: 1.099 ns
        inmux_21_20_85199_85224 (InMux) I -> O: 0.662 ns
        lc40_21_20_3 (LogicCell40) in0 -> lcout: 1.285 ns
    39.820 ns net_81304 (soc.cpu.is_sb_sh_sw_SB_DFFE_Q_D_SB_LUT4_O_I3[0])
        t21925 (LocalMux) I -> O: 1.099 ns
        inmux_20_21_81476_81510 (InMux) I -> O: 0.662 ns
        lc40_20_21_2 (LogicCell40) in0 -> lcout: 1.285 ns
    42.867 ns net_77775 (soc.cpu.decoded_imm_j_SB_DFFE_Q_2_D[3])
        odrv_20_21_77775_77733 (Odrv4) I -> O: 0.649 ns
        t20437 (Span4Mux_h4) I -> O: 0.543 ns
        t20436 (Span4Mux_v4) I -> O: 0.649 ns
        t20435 (LocalMux) I -> O: 1.099 ns
        inmux_16_26_67396_67420 (InMux) I -> O: 0.662 ns
        lc40_16_26_0 (LogicCell40) in0 -> lcout: 1.285 ns
    47.754 ns net_63515 (soc.cpu.cpuregs.regs.1.0_RADDR[1])
        t17296 (LocalMux) I -> O: 1.099 ns
        inmux_15_27_63679_63726 (InMux) I -> O: 0.662 ns
        t2729 (CascadeMux) I -> O: 0.000 ns
        lc40_15_27_2 (LogicCell40) in2 -> lcout: 1.205 ns
    50.721 ns net_59810 (soc.cpu.cpuregs.regs.1.0_RADDR_SB_LUT4_I3_O[1])
        t16271 (LocalMux) I -> O: 1.099 ns
        inmux_14_26_59752_59789 (InMux) I -> O: 0.662 ns
    52.482 ns net_59789 (soc.cpu.cpuregs.regs.1.0_RADDR_SB_LUT4_I3_O[1])
        lc40_14_26_5 (LogicCell40) in0 [setup]: 1.060 ns
    53.542 ns net_55860 (soc.cpu.cpuregs.regs.1.0_RDATA[1])

Resolvable net names on path:
     1.491 ns ..  4.484 ns iomem_addr[11]
     5.689 ns ..  7.451 ns flash_io3_di_SB_LUT4_I2_O_SB_LUT4_O_1_I3_SB_LUT4_O_I3_SB_LUT4_O_I3_SB_LUT4_O_I3_SB_LUT4_O_1_I3[3]
     8.682 ns .. 10.444 ns flash_io3_di_SB_LUT4_I2_O_SB_LUT4_O_1_I3_SB_LUT4_O_I3_SB_LUT4_O_I3_SB_LUT4_O_I3[3]
    11.318 ns .. 13.080 ns flash_io3_di_SB_LUT4_I2_O_SB_LUT4_O_1_I3_SB_LUT4_O_I3_SB_LUT4_I3_1_O_SB_LUT4_O_1_I1[3]
    14.364 ns .. 16.126 ns flash_io3_di_SB_LUT4_I2_O_SB_LUT4_O_1_I3_SB_LUT4_O_I3[1]
    17.411 ns .. 20.470 ns flash_io3_di_SB_LUT4_I2_O_SB_LUT4_O_1_I3[1]
    21.344 ns .. 24.298 ns flash_clk_SB_LUT4_I2_O[3]
    25.172 ns .. 26.933 ns flash_clk_SB_LUT4_I2_O_SB_LUT4_I2_O[3]
    28.165 ns .. 29.927 ns soc.cpu.mem_rdata_q_SB_DFFE_Q_27_D_SB_LUT4_O_I3[3]
    31.211 ns .. 35.569 ns soc.cpu.mem_rdata_q_SB_DFFE_Q_27_D[2]
    36.774 ns .. 38.536 ns soc.cpu.instr_lui_SB_DFFE_Q_D_SB_LUT4_O_I2_SB_LUT4_O_I2[2]
    39.820 ns .. 41.582 ns soc.cpu.is_sb_sh_sw_SB_DFFE_Q_D_SB_LUT4_O_I3[0]
    42.867 ns .. 46.469 ns soc.cpu.decoded_imm_j_SB_DFFE_Q_2_D[3]
    47.754 ns .. 49.515 ns soc.cpu.cpuregs.regs.1.0_RADDR[1]
    50.721 ns .. 52.482 ns soc.cpu.cpuregs.regs.1.0_RADDR_SB_LUT4_I3_O[1]
                  lcout -> soc.cpu.cpuregs.regs.1.0_RDATA[1]

Total number of logic levels: 15
Total path delay: 53.54 ns (18.68 MHz)

