
icetime topological timing analysis report
==========================================

Info: max_span_hack is enabled: estimate is conservative.

Report for critical path:
-------------------------

        lc40_12_10_7 (LogicCell40) [clk] -> lcout: 1.491 ns
     1.491 ns net_46232 (iomem_addr[6])
        t13160 (LocalMux) I -> O: 1.099 ns
        inmux_13_9_53828_53856 (InMux) I -> O: 0.662 ns
        lc40_13_9_3 (LogicCell40) in0 -> lcout: 1.285 ns
     4.537 ns net_49936 (soc.simpleuart.send_dummy_SB_LUT4_I2_O_SB_LUT4_O_I3_SB_LUT4_O_I3[1])
        t14189 (LocalMux) I -> O: 1.099 ns
        inmux_14_8_57531_57570 (InMux) I -> O: 0.662 ns
        lc40_14_8_4 (LogicCell40) in1 -> lcout: 1.232 ns
     7.530 ns net_53645 (soc.simpleuart.send_dummy_SB_LUT4_I2_O_SB_LUT4_O_I3[3])
        t15251 (LocalMux) I -> O: 1.099 ns
        inmux_15_9_61485_61498 (InMux) I -> O: 0.662 ns
        lc40_15_9_0 (LogicCell40) in0 -> lcout: 1.285 ns
    10.576 ns net_57594 (flash_io1_di_SB_LUT4_I3_O_SB_LUT4_O_I3[1])
        t16162 (LocalMux) I -> O: 1.099 ns
        inmux_16_10_65435_65497 (InMux) I -> O: 0.662 ns
        lc40_16_10_7 (LogicCell40) in3 -> lcout: 0.874 ns
    13.212 ns net_61554 (flash_io0_di_SB_LUT4_I0_O[1])
        odrv_16_10_61554_65282 (Odrv4) I -> O: 0.649 ns
        t17416 (Span4Mux_h4) I -> O: 0.543 ns
        t17415 (Span4Mux_v4) I -> O: 0.649 ns
        t17414 (LocalMux) I -> O: 1.099 ns
        inmux_20_15_80743_80769 (InMux) I -> O: 0.662 ns
        lc40_20_15_1 (LogicCell40) in3 -> lcout: 0.874 ns
    17.689 ns net_77162 (flash_io0_oe_SB_LUT4_I2_O[0])
        odrv_20_15_77162_77014 (Odrv4) I -> O: 0.649 ns
        t20283 (Span4Mux_h4) I -> O: 0.543 ns
        t20282 (LocalMux) I -> O: 1.099 ns
        inmux_18_11_73230_73240 (InMux) I -> O: 0.662 ns
        lc40_18_11_0 (LogicCell40) in3 -> lcout: 0.874 ns
    21.516 ns net_69332 (flash_io1_oe_SB_LUT4_I1_O_SB_LUT4_I3_O[3])
        t19017 (LocalMux) I -> O: 1.099 ns
        inmux_18_12_73327_73396 (InMux) I -> O: 0.662 ns
        lc40_18_12_6 (LogicCell40) in0 -> lcout: 1.285 ns
    24.563 ns net_69461 (soc.cpu.prefetched_high_word_SB_DFFESR_Q_D_SB_LUT4_O_I2_SB_LUT4_I3_O_SB_LUT4_O_I3_SB_LUT4_O_I3[3])
        odrv_18_12_69461_69591 (Odrv4) I -> O: 0.649 ns
        t19037 (Span4Mux_v4) I -> O: 0.649 ns
        t19036 (Span4Mux_v4) I -> O: 0.649 ns
        t19035 (Span4Mux_v4) I -> O: 0.649 ns
        t19034 (LocalMux) I -> O: 1.099 ns
        inmux_21_23_85554_85612 (InMux) I -> O: 0.662 ns
        lc40_21_23_6 (LogicCell40) in1 -> lcout: 1.232 ns
    30.152 ns net_81676 (soc.cpu.prefetched_high_word_SB_DFFESR_Q_D_SB_LUT4_O_I2_SB_LUT4_I3_O_SB_LUT4_O_I3_SB_LUT4_O_I3_SB_LUT4_I3_O[1])
        t21130 (LocalMux) I -> O: 1.099 ns
        inmux_22_24_89518_89548 (InMux) I -> O: 0.662 ns
        lc40_22_24_3 (LogicCell40) in1 -> lcout: 1.232 ns
    33.145 ns net_85627 (soc.cpu.mem_16bit_buffer_SB_DFFE_Q_3_D_SB_LUT4_O_I3_SB_LUT4_I3_O_SB_LUT4_I2_O[3])
        t22200 (LocalMux) I -> O: 1.099 ns
        inmux_21_25_85791_85824 (InMux) I -> O: 0.662 ns
        lc40_21_25_0 (LogicCell40) in3 -> lcout: 0.874 ns
    35.781 ns net_81916 (soc.cpu.mem_rdata_q_SB_DFF_Q_10_D_SB_LUT4_O_I2_SB_LUT4_O_1_I2_SB_LUT4_O_I1_SB_LUT4_O_I2_SB_LUT4_O_I2_SB_LUT4_I2_O[2])
        odrv_21_25_81916_81821 (Odrv4) I -> O: 0.649 ns
        t21240 (Span4Mux_h4) I -> O: 0.543 ns
        t21239 (Span4Mux_v4) I -> O: 0.649 ns
        t21238 (LocalMux) I -> O: 1.099 ns
        inmux_16_22_66913_66952 (InMux) I -> O: 0.662 ns
        lc40_16_22_4 (LogicCell40) in0 -> lcout: 1.285 ns
    40.668 ns net_63027 (soc.cpu.decoded_imm_j_SB_DFFE_Q_2_D_SB_LUT4_O_I3[0])
        t17750 (LocalMux) I -> O: 1.099 ns
        inmux_16_22_66923_66936 (InMux) I -> O: 0.662 ns
        t2665 (CascadeMux) I -> O: 0.000 ns
        lc40_16_22_1 (LogicCell40) in2 -> lcout: 1.205 ns
    43.635 ns net_63024 (soc.cpu.decoded_imm_j_SB_DFFE_Q_4_D_SB_LUT4_O_I2_SB_LUT4_I0_O[3])
        t17745 (LocalMux) I -> O: 1.099 ns
        inmux_16_22_66904_66961 (InMux) I -> O: 0.662 ns
        lc40_16_22_5 (LogicCell40) in3 -> lcout: 0.874 ns
    46.271 ns net_63028 (soc.cpu.decoded_rs1_SB_DFFE_Q_3_D_SB_LUT4_O_I3[2])
        t17751 (LocalMux) I -> O: 1.099 ns
        inmux_15_23_63192_63238 (InMux) I -> O: 0.662 ns
        lc40_15_23_3 (LogicCell40) in0 -> lcout: 1.285 ns
    49.317 ns net_59319 (soc.cpu.decoded_rs1_SB_DFFE_Q_3_D[3])
        odrv_15_23_59319_51795 (Odrv4) I -> O: 0.649 ns
        t17015 (LocalMux) I -> O: 1.099 ns
        inmux_12_23_51699_51761 (InMux) I -> O: 0.662 ns
        t2008 (CascadeMux) I -> O: 0.000 ns
        lc40_12_23_5 (LogicCell40) in2 -> lcout: 1.205 ns
    52.933 ns net_47829 (soc.cpu.cpuregs.regs.1.0_RADDR_1)
        odrv_12_23_47829_47851 (Odrv4) I -> O: 0.649 ns
        t13868 (Span4Mux_v4) I -> O: 0.649 ns
        t13867 (Span4Mux_h4) I -> O: 0.543 ns
        t13866 (Span4Mux_h4) I -> O: 0.543 ns
        t13865 (LocalMux) I -> O: 1.099 ns
        inmux_6_17_28285_28314 (InMux) I -> O: 0.662 ns
        t955 (CascadeMux) I -> O: 0.000 ns
    57.078 ns net_28314_cascademuxed
        ram_6_17 (SB_RAM40_4K) RADDR[1] [setup]: 0.384 ns
    57.462 ns net_24737 (soc.cpu.cpuregs.regs.1.0_RDATA_6[3])

Resolvable net names on path:
     1.491 ns ..  3.252 ns iomem_addr[6]
     4.537 ns ..  6.298 ns soc.simpleuart.send_dummy_SB_LUT4_I2_O_SB_LUT4_O_I3_SB_LUT4_O_I3[1]
     7.530 ns ..  9.292 ns soc.simpleuart.send_dummy_SB_LUT4_I2_O_SB_LUT4_O_I3[3]
    10.576 ns .. 12.338 ns flash_io1_di_SB_LUT4_I3_O_SB_LUT4_O_I3[1]
    13.212 ns .. 16.815 ns flash_io0_di_SB_LUT4_I0_O[1]
    17.689 ns .. 20.642 ns flash_io0_oe_SB_LUT4_I2_O[0]
    21.516 ns .. 23.278 ns flash_io1_oe_SB_LUT4_I1_O_SB_LUT4_I3_O[3]
    24.563 ns .. 28.920 ns soc.cpu.prefetched_high_word_SB_DFFESR_Q_D_SB_LUT4_O_I2_SB_LUT4_I3_O_SB_LUT4_O_I3_SB_LUT4_O_I3[3]
    30.152 ns .. 31.913 ns soc.cpu.prefetched_high_word_SB_DFFESR_Q_D_SB_LUT4_O_I2_SB_LUT4_I3_O_SB_LUT4_O_I3_SB_LUT4_O_I3_SB_LUT4_I3_O[1]
    33.145 ns .. 34.907 ns soc.cpu.mem_16bit_buffer_SB_DFFE_Q_3_D_SB_LUT4_O_I3_SB_LUT4_I3_O_SB_LUT4_I2_O[3]
    35.781 ns .. 39.383 ns soc.cpu.mem_rdata_q_SB_DFF_Q_10_D_SB_LUT4_O_I2_SB_LUT4_O_1_I2_SB_LUT4_O_I1_SB_LUT4_O_I2_SB_LUT4_O_I2_SB_LUT4_I2_O[2]
    40.668 ns .. 42.430 ns soc.cpu.decoded_imm_j_SB_DFFE_Q_2_D_SB_LUT4_O_I3[0]
    43.635 ns .. 45.396 ns soc.cpu.decoded_imm_j_SB_DFFE_Q_4_D_SB_LUT4_O_I2_SB_LUT4_I0_O[3]
    46.271 ns .. 48.032 ns soc.cpu.decoded_rs1_SB_DFFE_Q_3_D_SB_LUT4_O_I3[2]
    49.317 ns .. 51.727 ns soc.cpu.decoded_rs1_SB_DFFE_Q_3_D[3]
    52.933 ns .. 57.078 ns soc.cpu.cpuregs.regs.1.0_RADDR_1
               RDATA[0] -> soc.cpu.cpuregs.regs.1.0_RDATA_15[3]
              RDATA[10] -> soc.cpu.cpuregs.regs.1.0_RDATA_5[3]
              RDATA[11] -> soc.cpu.cpuregs.regs.1.0_RDATA_4[3]
              RDATA[12] -> soc.cpu.cpuregs.regs.1.0_RDATA_3[3]
              RDATA[13] -> soc.cpu.cpuregs.regs.1.0_RDATA_2[3]
              RDATA[14] -> soc.cpu.cpuregs.regs.1.0_RDATA_1[3]
              RDATA[15] -> soc.cpu.cpuregs.regs.1.0_RDATA[3]
               RDATA[1] -> soc.cpu.cpuregs.regs.1.0_RDATA_14[3]
               RDATA[2] -> soc.cpu.cpuregs.regs.1.0_RDATA_13[3]
               RDATA[3] -> soc.cpu.cpuregs.regs.1.0_RDATA_12[3]
               RDATA[4] -> soc.cpu.cpuregs.regs.1.0_RDATA_11[3]
               RDATA[5] -> soc.cpu.cpuregs.regs.1.0_RDATA_10[3]
               RDATA[6] -> soc.cpu.cpuregs.regs.1.0_RDATA_9[3]
               RDATA[7] -> soc.cpu.cpuregs.regs.1.0_RDATA_8[3]
               RDATA[8] -> soc.cpu.cpuregs.regs.1.0_RDATA_7[3]
               RDATA[9] -> soc.cpu.cpuregs.regs.1.0_RDATA_6[3]

Total number of logic levels: 16
Total path delay: 57.46 ns (17.40 MHz)

