
icetime topological timing analysis report
==========================================

Info: max_span_hack is enabled: estimate is conservative.

Report for critical path:
-------------------------

        lc40_13_15_5 (LogicCell40) [clk] -> lcout: 1.491 ns
     1.491 ns net_50676 (iomem_addr[31])
        odrv_13_15_50676_50460 (Odrv4) I -> O: 0.649 ns
        t17564 (LocalMux) I -> O: 1.099 ns
        inmux_12_12_50374_50421 (InMux) I -> O: 0.662 ns
        lc40_12_12_7 (LogicCell40) in3 -> lcout: 0.874 ns
     4.775 ns net_46478 (iomem_ready_SB_LUT4_I1_1_I2_SB_LUT4_O_I3[2])
        t16012 (LocalMux) I -> O: 1.099 ns
        inmux_13_11_54074_54090 (InMux) I -> O: 0.662 ns
        lc40_13_11_1 (LogicCell40) in0 -> lcout: 1.285 ns
     7.822 ns net_50180 (iomem_ready_SB_LUT4_I1_1_I2[1])
        odrv_13_11_50180_54044 (Odrv4) I -> O: 0.649 ns
        t17514 (Span4Mux_h4) I -> O: 0.543 ns
        t17513 (LocalMux) I -> O: 1.099 ns
        inmux_16_9_65316_65343 (InMux) I -> O: 0.662 ns
        t2970 (CascadeMux) I -> O: 0.000 ns
        lc40_16_9_2 (LogicCell40) in2 -> lcout: 1.205 ns
    11.980 ns net_61426 (flash_io1_oe_SB_LUT4_O_I2[3])
        odrv_16_9_61426_65037 (Odrv4) I -> O: 0.649 ns
        t20793 (Span4Mux_h4) I -> O: 0.543 ns
        t20792 (LocalMux) I -> O: 1.099 ns
        inmux_20_5_79521_79562 (InMux) I -> O: 0.662 ns
        t3738 (CascadeMux) I -> O: 0.000 ns
        lc40_20_5_5 (LogicCell40) in2 -> lcout: 1.205 ns
    16.139 ns net_76146 (flash_io0_oe_SB_LUT4_I2_I3[1])
        odrv_20_5_76146_72564 (Odrv4) I -> O: 0.649 ns
        t23714 (LocalMux) I -> O: 1.099 ns
        inmux_18_5_72468_72513 (InMux) I -> O: 0.662 ns
        t3293 (CascadeMux) I -> O: 0.000 ns
        lc40_18_5_2 (LogicCell40) in2 -> lcout: 1.205 ns
    19.755 ns net_68596 (flash_io0_di_SB_LUT4_I0_O[3])
        t22527 (LocalMux) I -> O: 1.099 ns
        inmux_18_6_72591_72648 (InMux) I -> O: 0.662 ns
        t3303 (CascadeMux) I -> O: 0.000 ns
        lc40_18_6_4 (LogicCell40) in2 -> lcout: 1.205 ns
    22.722 ns net_68721 (soc.cpu.prefetched_high_word_SB_DFFESR_Q_D_SB_LUT4_O_I3_SB_LUT4_O_I3_SB_LUT4_O_1_I3[3])
        t22560 (LocalMux) I -> O: 1.099 ns
        inmux_17_6_68786_68792 (InMux) I -> O: 0.662 ns
        lc40_17_6_0 (LogicCell40) in1 -> lcout: 1.232 ns
    25.715 ns net_64886 (soc.cpu.prefetched_high_word_SB_DFFESR_Q_D_SB_LUT4_O_I3_SB_LUT4_O_I3[3])
        t21588 (LocalMux) I -> O: 1.099 ns
        inmux_18_6_72597_72664 (InMux) I -> O: 0.662 ns
        lc40_18_6_7 (LogicCell40) in0 -> lcout: 1.285 ns
    28.761 ns net_68724 (soc.cpu.prefetched_high_word_SB_DFFESR_Q_D_SB_LUT4_O_I2[2])
        odrv_18_6_68724_72578 (Odrv4) I -> O: 0.649 ns
        t22624 (Span4Mux_h4) I -> O: 0.543 ns
        t22623 (Span4Mux_v4) I -> O: 0.649 ns
        t22622 (Span4Mux_v4) I -> O: 0.649 ns
        t22621 (Span4Mux_v4) I -> O: 0.649 ns
        t22620 (LocalMux) I -> O: 1.099 ns
        inmux_22_19_88906_88945 (InMux) I -> O: 0.662 ns
        lc40_22_19_5 (LogicCell40) in1 -> lcout: 1.232 ns
    34.893 ns net_85014 (soc.cpu.mem_rdata_q_SB_DFF_Q_15_D_SB_LUT4_O_I2_SB_LUT4_O_I3_SB_LUT4_O_I3[0])
        t26126 (LocalMux) I -> O: 1.099 ns
        inmux_22_20_89017_89056 (InMux) I -> O: 0.662 ns
        lc40_22_20_3 (LogicCell40) in1 -> lcout: 1.232 ns
    37.887 ns net_85135 (soc.cpu.decoded_rd_SB_DFFE_Q_2_D_SB_LUT4_O_I3_SB_LUT4_O_I2_SB_LUT4_I3_I2[0])
        odrv_22_20_85135_85270 (Odrv4) I -> O: 0.649 ns
        t26167 (Span4Mux_v4) I -> O: 0.649 ns
        t26166 (LocalMux) I -> O: 1.099 ns
        inmux_21_24_85678_85743 (InMux) I -> O: 0.662 ns
        lc40_21_24_7 (LogicCell40) in3 -> lcout: 0.874 ns
    41.820 ns net_81800 (soc.cpu.decoded_imm_j_SB_DFFE_Q_15_D_SB_LUT4_O_I1_SB_LUT4_I3_O[2])
        t25450 (LocalMux) I -> O: 1.099 ns
        inmux_22_25_89642_89694 (InMux) I -> O: 0.662 ns
        lc40_22_25_7 (LogicCell40) in0 -> lcout: 1.285 ns
    44.867 ns net_85754 (soc.cpu.cpu_state_SB_DFF_Q_6_D_SB_LUT4_O_I3_SB_LUT4_O_I3_SB_LUT4_I3_O_SB_LUT4_I0_O_SB_LUT4_I3_O[3])
        odrv_22_25_85754_85778 (Odrv4) I -> O: 0.649 ns
        t26473 (Span4Mux_h4) I -> O: 0.543 ns
        t26472 (Span4Mux_h4) I -> O: 0.543 ns
        t26471 (Span4Mux_h4) I -> O: 0.543 ns
        t26470 (Span4Mux_h4) I -> O: 0.543 ns
        t26469 (Span4Mux_h4) I -> O: 0.543 ns
        t26468 (LocalMux) I -> O: 1.099 ns
        inmux_3_27_18344_18409 (InMux) I -> O: 0.662 ns
        lc40_3_27_6 (LogicCell40) in0 -> lcout: 1.285 ns
    51.277 ns net_14474 (soc.cpu.instr_sh_SB_LUT4_I0_O_SB_LUT4_O_I2[3])
        t7529 (LocalMux) I -> O: 1.099 ns
        inmux_4_27_22177_22230 (InMux) I -> O: 0.662 ns
        t754 (CascadeMux) I -> O: 0.000 ns
        lc40_4_27_4 (LogicCell40) in2 -> lcout: 1.205 ns
    54.244 ns net_18303 (soc.cpu.latched_is_lh_SB_DFFESR_Q_E_SB_LUT4_O_I3[3])
        t8618 (LocalMux) I -> O: 1.099 ns
        inmux_4_28_22306_22352 (InMux) I -> O: 0.662 ns
        lc40_4_28_4 (LogicCell40) in1 -> lcout: 1.232 ns
    57.237 ns net_18426 (soc.cpu.instr_sll_SB_LUT4_I2_O[2])
        odrv_4_28_18426_22398 (Odrv4) I -> O: 0.649 ns
        t8792 (Span4Mux_h4) I -> O: 0.543 ns
        t8791 (Span4Mux_v4) I -> O: 0.649 ns
        t8790 (LocalMux) I -> O: 1.099 ns
        inmux_11_29_48628_48638 (InMux) I -> O: 0.662 ns
        t2178 (CascadeMux) I -> O: 0.000 ns
        lc40_11_29_0 (LogicCell40) in2 -> lcout: 1.205 ns
    62.045 ns net_44731 (soc.cpu.instr_sll_SB_LUT4_I2_O_SB_LUT4_I1_O)
        odrv_11_29_44731_44873 (Odrv4) I -> O: 0.649 ns
        t14906 (Span4Mux_h4) I -> O: 0.543 ns
        t14905 (Span4Mux_v4) I -> O: 0.649 ns
        t14904 (LocalMux) I -> O: 1.099 ns
        inmux_10_28_44651_44728 (CEMux) I -> O: 0.702 ns
    65.687 ns net_44728 (soc.cpu.instr_sll_SB_LUT4_I2_O_SB_LUT4_I1_O)
        lc40_10_28_7 (LogicCell40) ce [setup]: 0.000 ns
    65.687 ns net_40784 (soc.cpu.alu_add_sub_SB_DFF_Q_19_D_SB_LUT4_O_I3_SB_LUT4_O_1_I2[1])

Resolvable net names on path:
     1.491 ns ..  3.901 ns iomem_addr[31]
     4.775 ns ..  6.537 ns iomem_ready_SB_LUT4_I1_1_I2_SB_LUT4_O_I3[2]
     7.822 ns .. 10.775 ns iomem_ready_SB_LUT4_I1_1_I2[1]
    11.980 ns .. 14.934 ns flash_io1_oe_SB_LUT4_O_I2[3]
    16.139 ns .. 18.550 ns flash_io0_oe_SB_LUT4_I2_I3[1]
    19.755 ns .. 21.516 ns flash_io0_di_SB_LUT4_I0_O[3]
    22.722 ns .. 24.483 ns soc.cpu.prefetched_high_word_SB_DFFESR_Q_D_SB_LUT4_O_I3_SB_LUT4_O_I3_SB_LUT4_O_1_I3[3]
    25.715 ns .. 27.476 ns soc.cpu.prefetched_high_word_SB_DFFESR_Q_D_SB_LUT4_O_I3_SB_LUT4_O_I3[3]
    28.761 ns .. 33.662 ns soc.cpu.prefetched_high_word_SB_DFFESR_Q_D_SB_LUT4_O_I2[2]
    34.893 ns .. 36.655 ns soc.cpu.mem_rdata_q_SB_DFF_Q_15_D_SB_LUT4_O_I2_SB_LUT4_O_I3_SB_LUT4_O_I3[0]
    37.887 ns .. 40.946 ns soc.cpu.decoded_rd_SB_DFFE_Q_2_D_SB_LUT4_O_I3_SB_LUT4_O_I2_SB_LUT4_I3_I2[0]
    41.820 ns .. 43.582 ns soc.cpu.decoded_imm_j_SB_DFFE_Q_15_D_SB_LUT4_O_I1_SB_LUT4_I3_O[2]
    44.867 ns .. 49.992 ns soc.cpu.cpu_state_SB_DFF_Q_6_D_SB_LUT4_O_I3_SB_LUT4_O_I3_SB_LUT4_I3_O_SB_LUT4_I0_O_SB_LUT4_I3_O[3]
    51.277 ns .. 53.039 ns soc.cpu.instr_sh_SB_LUT4_I0_O_SB_LUT4_O_I2[3]
    54.244 ns .. 56.005 ns soc.cpu.latched_is_lh_SB_DFFESR_Q_E_SB_LUT4_O_I3[3]
    57.237 ns .. 60.840 ns soc.cpu.instr_sll_SB_LUT4_I2_O[2]
    62.045 ns .. 65.687 ns soc.cpu.instr_sll_SB_LUT4_I2_O_SB_LUT4_I1_O
                  lcout -> soc.cpu.alu_add_sub_SB_DFF_Q_19_D_SB_LUT4_O_I3_SB_LUT4_O_1_I2[1]

Total number of logic levels: 17
Total path delay: 65.69 ns (15.22 MHz)

