
icetime topological timing analysis report
==========================================

Info: max_span_hack is enabled: estimate is conservative.

Report for critical path:
-------------------------

        lc40_14_17_4 (LogicCell40) [clk] -> lcout: 1.491 ns
     1.491 ns net_54752 (iomem_addr[6])
        odrv_14_17_54752_54535 (Odrv4) I -> O: 0.649 ns
        t16253 (Span4Mux_v4) I -> O: 0.649 ns
        t16252 (Span4Mux_v4) I -> O: 0.649 ns
        t16263 (Span4Mux_v4) I -> O: 0.649 ns
        t16262 (LocalMux) I -> O: 1.099 ns
        inmux_13_4_53219_53259 (InMux) I -> O: 0.662 ns
        lc40_13_4_6 (LogicCell40) in0 -> lcout: 1.285 ns
     7.133 ns net_49324 (soc.spimemio.rd_valid_SB_LUT4_I3_O_SB_LUT4_I3_O_SB_LUT4_O_2_I3_SB_LUT4_O_3_I3[3])
        t13947 (LocalMux) I -> O: 1.099 ns
        inmux_13_4_53196_53235 (InMux) I -> O: 0.662 ns
        lc40_13_4_2 (LogicCell40) in0 -> lcout: 1.285 ns
    10.179 ns net_49320 (soc.spimemio.rd_valid_SB_LUT4_I3_O_SB_LUT4_I3_O_SB_LUT4_O_2_I3[3])
        t13944 (LocalMux) I -> O: 1.099 ns
        inmux_13_4_53200_53267 (InMux) I -> O: 0.662 ns
        t2308 (CascadeMux) I -> O: 0.000 ns
        lc40_13_4_7 (LogicCell40) in2 -> lcout: 1.205 ns
    13.146 ns net_49325 (soc.spimemio.rd_valid_SB_LUT4_I3_O_SB_LUT4_I3_O[3])
        t13948 (LocalMux) I -> O: 1.099 ns
        inmux_14_4_57027_57085 (InMux) I -> O: 0.662 ns
        t2488 (CascadeMux) I -> O: 0.000 ns
        lc40_14_4_5 (LogicCell40) in2 -> lcout: 1.205 ns
    16.113 ns net_53154 (iomem_ready_SB_LUT4_I1_O_SB_LUT4_O_I2_SB_LUT4_O_I3[3])
        t15101 (LocalMux) I -> O: 1.099 ns
        inmux_15_5_61002_61044 (InMux) I -> O: 0.662 ns
        t2658 (CascadeMux) I -> O: 0.000 ns
        lc40_15_5_6 (LogicCell40) in2 -> lcout: 1.205 ns
    19.079 ns net_57108 (iomem_ready_SB_LUT4_I1_O_SB_LUT4_O_I2[1])
        odrv_15_5_57108_61088 (Odrv4) I -> O: 0.649 ns
        t16570 (Span4Mux_v4) I -> O: 0.649 ns
        t16569 (LocalMux) I -> O: 1.099 ns
        inmux_16_12_65673_65740 (InMux) I -> O: 0.662 ns
        lc40_16_12_7 (LogicCell40) in0 -> lcout: 1.285 ns
    23.424 ns net_61800 (flash_io0_di_SB_LUT4_I1_O_SB_LUT4_I3_O[1])
        t18058 (LocalMux) I -> O: 1.099 ns
        inmux_16_13_65795_65822 (InMux) I -> O: 0.662 ns
        lc40_16_13_0 (LogicCell40) in1 -> lcout: 1.232 ns
    26.417 ns net_61916 (iomem_ready_SB_LUT4_I1_O_SB_LUT4_O_I2_SB_LUT4_I3_O[3])
        t18090 (LocalMux) I -> O: 1.099 ns
        inmux_16_14_65919_65957 (InMux) I -> O: 0.662 ns
        lc40_16_14_2 (LogicCell40) in1 -> lcout: 1.232 ns
    29.410 ns net_62041 (soc.cpu.decoded_imm_j_SB_DFFE_Q_D_SB_LUT4_O_I3[1])
        odrv_16_14_62041_54515 (Odrv4) I -> O: 0.649 ns
        t18146 (Span4Mux_h4) I -> O: 0.543 ns
        t18145 (Span4Mux_v4) I -> O: 0.649 ns
        t18144 (LocalMux) I -> O: 1.099 ns
        inmux_21_17_84813_84856 (InMux) I -> O: 0.662 ns
        lc40_21_17_3 (LogicCell40) in1 -> lcout: 1.232 ns
    34.244 ns net_80935 (soc.cpu.decoded_imm_j_SB_DFFE_Q_D[1])
        t22303 (LocalMux) I -> O: 1.099 ns
        inmux_21_18_84930_85002 (InMux) I -> O: 0.662 ns
        lc40_21_18_7 (LogicCell40) in0 -> lcout: 1.285 ns
    37.291 ns net_81062 (soc.cpu.decoded_imm_j_SB_DFFE_Q_10_D_SB_LUT4_I3_O[3])
        t22355 (LocalMux) I -> O: 1.099 ns
        inmux_21_18_84950_84990 (InMux) I -> O: 0.662 ns
        lc40_21_18_5 (LogicCell40) in0 -> lcout: 1.285 ns
    40.337 ns net_81060 (soc.cpu.decoded_imm_j_SB_DFFE_Q_10_D_SB_LUT4_I3_O_SB_LUT4_I3_O[2])
        odrv_21_18_81060_81208 (Odrv4) I -> O: 0.649 ns
        t22369 (LocalMux) I -> O: 1.099 ns
        inmux_20_20_81368_81402 (InMux) I -> O: 0.662 ns
        lc40_20_20_4 (LogicCell40) in3 -> lcout: 0.874 ns
    43.622 ns net_77675 (soc.cpu.decoded_imm_j_SB_DFFE_Q_3_D[3])
        odrv_20_20_77675_70581 (Odrv4) I -> O: 0.649 ns
        t21515 (Span4Mux_v4) I -> O: 0.649 ns
        t21514 (LocalMux) I -> O: 1.099 ns
        inmux_17_21_70633_70661 (InMux) I -> O: 0.662 ns
        lc40_17_21_4 (LogicCell40) in1 -> lcout: 1.232 ns
    47.913 ns net_66735 (soc.cpu.decoded_rs1_SB_DFFESR_Q_D_SB_LUT4_I1_O[3])
        t19525 (LocalMux) I -> O: 1.099 ns
        inmux_16_22_66899_66935 (InMux) I -> O: 0.662 ns
        lc40_16_22_1 (LogicCell40) in1 -> lcout: 1.232 ns
    50.906 ns net_63024 (soc.cpu.cpuregs.regs.1.0_RADDR_1_SB_LUT4_I2_O[1])
        t18617 (LocalMux) I -> O: 1.099 ns
        inmux_15_23_63188_63257 (InMux) I -> O: 0.662 ns
    52.668 ns net_63257 (soc.cpu.cpuregs.regs.1.0_RADDR_1_SB_LUT4_I2_O[1])
        lc40_15_23_6 (LogicCell40) in1 [setup]: 1.007 ns
    53.674 ns net_59322 (soc.cpu.cpuregs.regs.1.0_RDATA[1])

Resolvable net names on path:
     1.491 ns ..  5.848 ns iomem_addr[6]
     7.133 ns ..  8.894 ns soc.spimemio.rd_valid_SB_LUT4_I3_O_SB_LUT4_I3_O_SB_LUT4_O_2_I3_SB_LUT4_O_3_I3[3]
    10.179 ns .. 11.941 ns soc.spimemio.rd_valid_SB_LUT4_I3_O_SB_LUT4_I3_O_SB_LUT4_O_2_I3[3]
    13.146 ns .. 14.907 ns soc.spimemio.rd_valid_SB_LUT4_I3_O_SB_LUT4_I3_O[3]
    16.113 ns .. 17.874 ns iomem_ready_SB_LUT4_I1_O_SB_LUT4_O_I2_SB_LUT4_O_I3[3]
    19.079 ns .. 22.139 ns iomem_ready_SB_LUT4_I1_O_SB_LUT4_O_I2[1]
    23.424 ns .. 25.185 ns flash_io0_di_SB_LUT4_I1_O_SB_LUT4_I3_O[1]
    26.417 ns .. 28.178 ns iomem_ready_SB_LUT4_I1_O_SB_LUT4_O_I2_SB_LUT4_I3_O[3]
    29.410 ns .. 33.013 ns soc.cpu.decoded_imm_j_SB_DFFE_Q_D_SB_LUT4_O_I3[1]
    34.244 ns .. 36.006 ns soc.cpu.decoded_imm_j_SB_DFFE_Q_D[1]
    37.291 ns .. 39.052 ns soc.cpu.decoded_imm_j_SB_DFFE_Q_10_D_SB_LUT4_I3_O[3]
    40.337 ns .. 42.747 ns soc.cpu.decoded_imm_j_SB_DFFE_Q_10_D_SB_LUT4_I3_O_SB_LUT4_I3_O[2]
    43.622 ns .. 46.681 ns soc.cpu.decoded_imm_j_SB_DFFE_Q_3_D[3]
    47.913 ns .. 49.674 ns soc.cpu.decoded_rs1_SB_DFFESR_Q_D_SB_LUT4_I1_O[3]
    50.906 ns .. 52.668 ns soc.cpu.cpuregs.regs.1.0_RADDR_1_SB_LUT4_I2_O[1]
                  lcout -> soc.cpu.cpuregs.regs.1.0_RDATA[1]

Total number of logic levels: 15
Total path delay: 53.67 ns (18.63 MHz)

